{"meta": {"format": 3, "version": "7.14.1", "timestamp": "2026-06-15T08:48:11.058964", "branch_coverage": false, "show_contexts": false}, "files": {"neuralops\\__init__.py": {"executed_lines": [3], "summary": {"covered_lines": 1, "num_statements": 1, "percent_covered": 100.0, "percent_covered_display": "100", "missing_lines": 0, "excluded_lines": 0, "percent_statements_covered": 100.0, "percent_statements_covered_display": "100"}, "missing_lines": [], "excluded_lines": [], "functions": {"": {"executed_lines": [3], "summary": {"covered_lines": 1, "num_statements": 1, "percent_covered": 100.0, "percent_covered_display": "100", "missing_lines": 0, "excluded_lines": 0, "percent_statements_covered": 100.0, "percent_statements_covered_display": "100"}, "missing_lines": [], "excluded_lines": [], "start_line": 1}}, "classes": {"": {"executed_lines": [3], "summary": {"covered_lines": 1, "num_statements": 1, "percent_covered": 100.0, "percent_covered_display": "100", "missing_lines": 0, "excluded_lines": 0, "percent_statements_covered": 100.0, "percent_statements_covered_display": "100"}, "missing_lines": [], "excluded_lines": [], "start_line": 1}}}, "neuralops\\api\\__init__.py": {"executed_lines": [], "summary": {"covered_lines": 0, "num_statements": 0, "percent_covered": 100.0, "percent_covered_display": "100", "missing_lines": 0, "excluded_lines": 0, "percent_statements_covered": 100.0, "percent_statements_covered_display": "100"}, "missing_lines": [], "excluded_lines": [], "functions": {"": {"executed_lines": [], "summary": {"covered_lines": 0, "num_statements": 0, "percent_covered": 100.0, "percent_covered_display": "100", "missing_lines": 0, "excluded_lines": 0, "percent_statements_covered": 100.0, "percent_statements_covered_display": "100"}, "missing_lines": [], "excluded_lines": [], "start_line": 1}}, "classes": {"": {"executed_lines": [], "summary": {"covered_lines": 0, "num_statements": 0, "percent_covered": 100.0, "percent_covered_display": "100", "missing_lines": 0, "excluded_lines": 0, "percent_statements_covered": 100.0, "percent_statements_covered_display": "100"}, "missing_lines": [], "excluded_lines": [], "start_line": 1}}}, "neuralops\\api\\dependencies.py": {"executed_lines": [7, 9, 10, 12, 13, 14, 15, 18, 28, 31, 38, 39, 40, 43, 52, 55, 68], "summary": {"covered_lines": 17, "num_statements": 19, "percent_covered": 89.47368421052632, "percent_covered_display": "89", "missing_lines": 2, "excluded_lines": 0, "percent_statements_covered": 89.47368421052632, "percent_statements_covered_display": "89"}, "missing_lines": [24, 25], "excluded_lines": [], "functions": {"get_db": {"executed_lines": [], "summary": {"covered_lines": 0, "num_statements": 2, "percent_covered": 0.0, "percent_covered_display": "0", "missing_lines": 2, "excluded_lines": 0, "percent_statements_covered": 0.0, "percent_statements_covered_display": "0"}, "missing_lines": [24, 25], "excluded_lines": [], "start_line": 18}, "get_llm_client": {"executed_lines": [38, 39, 40], "summary": {"covered_lines": 3, "num_statements": 3, "percent_covered": 100.0, "percent_covered_display": "100", "missing_lines": 0, "excluded_lines": 0, "percent_statements_covered": 100.0, "percent_statements_covered_display": "100"}, "missing_lines": [], "excluded_lines": [], "start_line": 31}, "get_judge": {"executed_lines": [52], "summary": {"covered_lines": 1, "num_statements": 1, "percent_covered": 100.0, "percent_covered_display": "100", "missing_lines": 0, "excluded_lines": 0, "percent_statements_covered": 100.0, "percent_statements_covered_display": "100"}, "missing_lines": [], "excluded_lines": [], "start_line": 43}, "get_ab_runner": {"executed_lines": [68], "summary": {"covered_lines": 1, "num_statements": 1, "percent_covered": 100.0, "percent_covered_display": "100", "missing_lines": 0, "excluded_lines": 0, "percent_statements_covered": 100.0, "percent_statements_covered_display": "100"}, "missing_lines": [], "excluded_lines": [], "start_line": 55}, "": {"executed_lines": [7, 9, 10, 12, 13, 14, 15, 18, 28, 31, 43, 55], "summary": {"covered_lines": 12, "num_statements": 12, "percent_covered": 100.0, "percent_covered_display": "100", "missing_lines": 0, "excluded_lines": 0, "percent_statements_covered": 100.0, "percent_statements_covered_display": "100"}, "missing_lines": [], "excluded_lines": [], "start_line": 1}}, "classes": {"": {"executed_lines": [7, 9, 10, 12, 13, 14, 15, 18, 28, 31, 38, 39, 40, 43, 52, 55, 68], "summary": {"covered_lines": 17, "num_statements": 19, "percent_covered": 89.47368421052632, "percent_covered_display": "89", "missing_lines": 2, "excluded_lines": 0, "percent_statements_covered": 89.47368421052632, "percent_statements_covered_display": "89"}, "missing_lines": [24, 25], "excluded_lines": [], "start_line": 1}}}, "neuralops\\api\\main.py": {"executed_lines": [7, 8, 10, 11, 12, 13, 14, 16, 21, 22, 23, 24, 26, 28, 31, 32, 87, 93, 104, 105, 108, 109, 110, 113, 114, 115, 116, 117, 119, 120, 127, 130], "summary": {"covered_lines": 32, "num_statements": 56, "percent_covered": 57.142857142857146, "percent_covered_display": "57", "missing_lines": 24, "excluded_lines": 0, "percent_statements_covered": 57.142857142857146, "percent_statements_covered_display": "57"}, "missing_lines": [38, 42, 49, 50, 52, 53, 55, 57, 58, 59, 61, 68, 69, 70, 74, 75, 76, 78, 81, 82, 83, 84, 121, 122], "excluded_lines": [], "functions": {"lifespan": {"executed_lines": [], "summary": {"covered_lines": 0, "num_statements": 20, "percent_covered": 0.0, "percent_covered_display": "0", "missing_lines": 20, "excluded_lines": 0, "percent_statements_covered": 0.0, "percent_statements_covered_display": "0"}, "missing_lines": [38, 42, 49, 50, 52, 53, 55, 57, 61, 68, 69, 70, 74, 75, 76, 78, 81, 82, 83, 84], "excluded_lines": [], "start_line": 32}, "lifespan.scheduled_drift_check": {"executed_lines": [], "summary": {"covered_lines": 0, "num_statements": 2, "percent_covered": 0.0, "percent_covered_display": "0", "missing_lines": 2, "excluded_lines": 0, "percent_statements_covered": 0.0, "percent_statements_covered_display": "0"}, "missing_lines": [58, 59], "excluded_lines": [], "start_line": 57}, "create_app": {"executed_lines": [93, 104, 105, 108, 109, 110, 113, 114, 115, 116, 117, 119, 120, 127], "summary": {"covered_lines": 14, "num_statements": 14, "percent_covered": 100.0, "percent_covered_display": "100", "missing_lines": 0, "excluded_lines": 0, "percent_statements_covered": 100.0, "percent_statements_covered_display": "100"}, "missing_lines": [], "excluded_lines": [], "start_line": 87}, "create_app.global_exception_handler": {"executed_lines": [], "summary": {"covered_lines": 0, "num_statements": 2, "percent_covered": 0.0, "percent_covered_display": "0", "missing_lines": 2, "excluded_lines": 0, "percent_statements_covered": 0.0, "percent_statements_covered_display": "0"}, "missing_lines": [121, 122], "excluded_lines": [], "start_line": 120}, "": {"executed_lines": [7, 8, 10, 11, 12, 13, 14, 16, 21, 22, 23, 24, 26, 28, 31, 32, 87, 130], "summary": {"covered_lines": 18, "num_statements": 18, "percent_covered": 100.0, "percent_covered_display": "100", "missing_lines": 0, "excluded_lines": 0, "percent_statements_covered": 100.0, "percent_statements_covered_display": "100"}, "missing_lines": [], "excluded_lines": [], "start_line": 1}}, "classes": {"": {"executed_lines": [7, 8, 10, 11, 12, 13, 14, 16, 21, 22, 23, 24, 26, 28, 31, 32, 87, 93, 104, 105, 108, 109, 110, 113, 114, 115, 116, 117, 119, 120, 127, 130], "summary": {"covered_lines": 32, "num_statements": 56, "percent_covered": 57.142857142857146, "percent_covered_display": "57", "missing_lines": 24, "excluded_lines": 0, "percent_statements_covered": 57.142857142857146, "percent_statements_covered_display": "57"}, "missing_lines": [38, 42, 49, 50, 52, 53, 55, 57, 58, 59, 61, 68, 69, 70, 74, 75, 76, 78, 81, 82, 83, 84, 121, 122], "excluded_lines": [], "start_line": 1}}}, "neuralops\\api\\middleware.py": {"executed_lines": [3, 4, 6, 7, 8, 10, 12, 15, 23, 24, 25, 26, 27, 28, 31, 34, 35, 36, 37, 38, 39, 47, 50, 56], "summary": {"covered_lines": 24, "num_statements": 24, "percent_covered": 100.0, "percent_covered_display": "100", "missing_lines": 0, "excluded_lines": 0, "percent_statements_covered": 100.0, "percent_statements_covered_display": "100"}, "missing_lines": [], "excluded_lines": [], "functions": {"RequestIDMiddleware.dispatch": {"executed_lines": [24, 25, 26, 27, 28], "summary": {"covered_lines": 5, "num_statements": 5, "percent_covered": 100.0, "percent_covered_display": "100", "missing_lines": 0, "excluded_lines": 0, "percent_statements_covered": 100.0, "percent_statements_covered_display": "100"}, "missing_lines": [], "excluded_lines": [], "start_line": 23}, "RequestLoggingMiddleware.dispatch": {"executed_lines": [35, 36, 37, 38, 39, 47], "summary": {"covered_lines": 6, "num_statements": 6, "percent_covered": 100.0, "percent_covered_display": "100", "missing_lines": 0, "excluded_lines": 0, "percent_statements_covered": 100.0, "percent_statements_covered_display": "100"}, "missing_lines": [], "excluded_lines": [], "start_line": 34}, "configure_cors": {"executed_lines": [56], "summary": {"covered_lines": 1, "num_statements": 1, "percent_covered": 100.0, "percent_covered_display": "100", "missing_lines": 0, "excluded_lines": 0, "percent_statements_covered": 100.0, "percent_statements_covered_display": "100"}, "missing_lines": [], "excluded_lines": [], "start_line": 50}, "": {"executed_lines": [3, 4, 6, 7, 8, 10, 12, 15, 23, 31, 34, 50], "summary": {"covered_lines": 12, "num_statements": 12, "percent_covered": 100.0, "percent_covered_display": "100", "missing_lines": 0, "excluded_lines": 0, "percent_statements_covered": 100.0, "percent_statements_covered_display": "100"}, "missing_lines": [], "excluded_lines": [], "start_line": 1}}, "classes": {"RequestIDMiddleware": {"executed_lines": [24, 25, 26, 27, 28], "summary": {"covered_lines": 5, "num_statements": 5, "percent_covered": 100.0, "percent_covered_display": "100", "missing_lines": 0, "excluded_lines": 0, "percent_statements_covered": 100.0, "percent_statements_covered_display": "100"}, "missing_lines": [], "excluded_lines": [], "start_line": 15}, "RequestLoggingMiddleware": {"executed_lines": [35, 36, 37, 38, 39, 47], "summary": {"covered_lines": 6, "num_statements": 6, "percent_covered": 100.0, "percent_covered_display": "100", "missing_lines": 0, "excluded_lines": 0, "percent_statements_covered": 100.0, "percent_statements_covered_display": "100"}, "missing_lines": [], "excluded_lines": [], "start_line": 31}, "": {"executed_lines": [3, 4, 6, 7, 8, 10, 12, 15, 23, 31, 34, 50, 56], "summary": {"covered_lines": 13, "num_statements": 13, "percent_covered": 100.0, "percent_covered_display": "100", "missing_lines": 0, "excluded_lines": 0, "percent_statements_covered": 100.0, "percent_statements_covered_display": "100"}, "missing_lines": [], "excluded_lines": [], "start_line": 1}}}, "neuralops\\api\\routers\\__init__.py": {"executed_lines": [], "summary": {"covered_lines": 0, "num_statements": 0, "percent_covered": 100.0, "percent_covered_display": "100", "missing_lines": 0, "excluded_lines": 0, "percent_statements_covered": 100.0, "percent_statements_covered_display": "100"}, "missing_lines": [], "excluded_lines": [], "functions": {"": {"executed_lines": [], "summary": {"covered_lines": 0, "num_statements": 0, "percent_covered": 100.0, "percent_covered_display": "100", "missing_lines": 0, "excluded_lines": 0, "percent_statements_covered": 100.0, "percent_statements_covered_display": "100"}, "missing_lines": [], "excluded_lines": [], "start_line": 1}}, "classes": {"": {"executed_lines": [], "summary": {"covered_lines": 0, "num_statements": 0, "percent_covered": 100.0, "percent_covered_display": "100", "missing_lines": 0, "excluded_lines": 0, "percent_statements_covered": 100.0, "percent_statements_covered_display": "100"}, "missing_lines": [], "excluded_lines": [], "start_line": 1}}}, "neuralops\\api\\routers\\drift.py": {"executed_lines": [3, 4, 5, 7, 8, 9, 10, 12, 15, 16, 25, 26, 42, 43, 66, 67], "summary": {"covered_lines": 16, "num_statements": 25, "percent_covered": 64.0, "percent_covered_display": "64", "missing_lines": 9, "excluded_lines": 0, "percent_statements_covered": 64.0, "percent_statements_covered_display": "64"}, "missing_lines": [22, 39, 58, 59, 60, 61, 62, 63, 83], "excluded_lines": [], "functions": {"get_summary": {"executed_lines": [], "summary": {"covered_lines": 0, "num_statements": 1, "percent_covered": 0.0, "percent_covered_display": "0", "missing_lines": 1, "excluded_lines": 0, "percent_statements_covered": 0.0, "percent_statements_covered_display": "0"}, "missing_lines": [22], "excluded_lines": [], "start_line": 16}, "get_prompt_drift": {"executed_lines": [], "summary": {"covered_lines": 0, "num_statements": 1, "percent_covered": 0.0, "percent_covered_display": "0", "missing_lines": 1, "excluded_lines": 0, "percent_statements_covered": 0.0, "percent_statements_covered_display": "0"}, "missing_lines": [39], "excluded_lines": [], "start_line": 26}, "list_drift_logs": {"executed_lines": [], "summary": {"covered_lines": 0, "num_statements": 6, "percent_covered": 0.0, "percent_covered_display": "0", "missing_lines": 6, "excluded_lines": 0, "percent_statements_covered": 0.0, "percent_statements_covered_display": "0"}, "missing_lines": [58, 59, 60, 61, 62, 63], "excluded_lines": [], "start_line": 43}, "trigger_drift_check": {"executed_lines": [], "summary": {"covered_lines": 0, "num_statements": 1, "percent_covered": 0.0, "percent_covered_display": "0", "missing_lines": 1, "excluded_lines": 0, "percent_statements_covered": 0.0, "percent_statements_covered_display": "0"}, "missing_lines": [83], "excluded_lines": [], "start_line": 67}, "": {"executed_lines": [3, 4, 5, 7, 8, 9, 10, 12, 15, 16, 25, 26, 42, 43, 66, 67], "summary": {"covered_lines": 16, "num_statements": 16, "percent_covered": 100.0, "percent_covered_display": "100", "missing_lines": 0, "excluded_lines": 0, "percent_statements_covered": 100.0, "percent_statements_covered_display": "100"}, "missing_lines": [], "excluded_lines": [], "start_line": 1}}, "classes": {"": {"executed_lines": [3, 4, 5, 7, 8, 9, 10, 12, 15, 16, 25, 26, 42, 43, 66, 67], "summary": {"covered_lines": 16, "num_statements": 25, "percent_covered": 64.0, "percent_covered_display": "64", "missing_lines": 9, "excluded_lines": 0, "percent_statements_covered": 64.0, "percent_statements_covered_display": "64"}, "missing_lines": [22, 39, 58, 59, 60, 61, 62, 63, 83], "excluded_lines": [], "start_line": 1}}}, "neuralops\\api\\routers\\experiments.py": {"executed_lines": [3, 4, 6, 7, 8, 9, 17, 19, 22, 23, 36, 37, 42, 43, 60, 63, 64, 77, 78, 83, 89, 109, 110, 115, 120, 136, 137], "summary": {"covered_lines": 27, "num_statements": 35, "percent_covered": 77.14285714285714, "percent_covered_display": "77", "missing_lines": 8, "excluded_lines": 0, "percent_statements_covered": 77.14285714285714, "percent_statements_covered_display": "77"}, "missing_lines": [38, 39, 79, 80, 111, 112, 138, 139], "excluded_lines": [], "functions": {"create_experiment": {"executed_lines": [36, 37], "summary": {"covered_lines": 2, "num_statements": 4, "percent_covered": 50.0, "percent_covered_display": "50", "missing_lines": 2, "excluded_lines": 0, "percent_statements_covered": 50.0, "percent_statements_covered_display": "50"}, "missing_lines": [38, 39], "excluded_lines": [], "start_line": 23}, "list_experiments": {"executed_lines": [60], "summary": {"covered_lines": 1, "num_statements": 1, "percent_covered": 100.0, "percent_covered_display": "100", "missing_lines": 0, "excluded_lines": 0, "percent_statements_covered": 100.0, "percent_statements_covered_display": "100"}, "missing_lines": [], "excluded_lines": [], "start_line": 43}, "get_experiment": {"executed_lines": [77, 78], "summary": {"covered_lines": 2, "num_statements": 4, "percent_covered": 50.0, "percent_covered_display": "50", "missing_lines": 2, "excluded_lines": 0, "percent_statements_covered": 50.0, "percent_statements_covered_display": "50"}, "missing_lines": [79, 80], "excluded_lines": [], "start_line": 64}, "run_trial": {"executed_lines": [109, 110], "summary": {"covered_lines": 2, "num_statements": 4, "percent_covered": 50.0, "percent_covered_display": "50", "missing_lines": 2, "excluded_lines": 0, "percent_statements_covered": 50.0, "percent_statements_covered_display": "50"}, "missing_lines": [111, 112], "excluded_lines": [], "start_line": 89}, "get_significance": {"executed_lines": [136, 137], "summary": {"covered_lines": 2, "num_statements": 4, "percent_covered": 50.0, "percent_covered_display": "50", "missing_lines": 2, "excluded_lines": 0, "percent_statements_covered": 50.0, "percent_statements_covered_display": "50"}, "missing_lines": [138, 139], "excluded_lines": [], "start_line": 120}, "": {"executed_lines": [3, 4, 6, 7, 8, 9, 17, 19, 22, 23, 42, 43, 63, 64, 83, 89, 115, 120], "summary": {"covered_lines": 18, "num_statements": 18, "percent_covered": 100.0, "percent_covered_display": "100", "missing_lines": 0, "excluded_lines": 0, "percent_statements_covered": 100.0, "percent_statements_covered_display": "100"}, "missing_lines": [], "excluded_lines": [], "start_line": 1}}, "classes": {"": {"executed_lines": [3, 4, 6, 7, 8, 9, 17, 19, 22, 23, 36, 37, 42, 43, 60, 63, 64, 77, 78, 83, 89, 109, 110, 115, 120, 136, 137], "summary": {"covered_lines": 27, "num_statements": 35, "percent_covered": 77.14285714285714, "percent_covered_display": "77", "missing_lines": 8, "excluded_lines": 0, "percent_statements_covered": 77.14285714285714, "percent_statements_covered_display": "77"}, "missing_lines": [38, 39, 79, 80, 111, 112, 138, 139], "excluded_lines": [], "start_line": 1}}}, "neuralops\\api\\routers\\health.py": {"executed_lines": [3, 5, 6, 7, 8, 10, 11, 13, 16, 19, 20, 21, 22, 23, 26, 29, 30, 31, 34, 35, 41, 50, 51, 62, 63], "summary": {"covered_lines": 25, "num_statements": 31, "percent_covered": 80.64516129032258, "percent_covered_display": "81", "missing_lines": 6, "excluded_lines": 0, "percent_statements_covered": 80.64516129032258, "percent_statements_covered_display": "81"}, "missing_lines": [64, 65, 66, 67, 68, 70], "excluded_lines": [], "functions": {"health": {"executed_lines": [41], "summary": {"covered_lines": 1, "num_statements": 1, "percent_covered": 100.0, "percent_covered_display": "100", "missing_lines": 0, "excluded_lines": 0, "percent_statements_covered": 100.0, "percent_statements_covered_display": "100"}, "missing_lines": [], "excluded_lines": [], "start_line": 35}, "readiness": {"executed_lines": [62, 63], "summary": {"covered_lines": 2, "num_statements": 8, "percent_covered": 25.0, "percent_covered_display": "25", "missing_lines": 6, "excluded_lines": 0, "percent_statements_covered": 25.0, "percent_statements_covered_display": "25"}, "missing_lines": [64, 65, 66, 67, 68, 70], "excluded_lines": [], "start_line": 51}, "": {"executed_lines": [3, 5, 6, 7, 8, 10, 11, 13, 16, 19, 20, 21, 22, 23, 26, 29, 30, 31, 34, 35, 50, 51], "summary": {"covered_lines": 22, "num_statements": 22, "percent_covered": 100.0, "percent_covered_display": "100", "missing_lines": 0, "excluded_lines": 0, "percent_statements_covered": 100.0, "percent_statements_covered_display": "100"}, "missing_lines": [], "excluded_lines": [], "start_line": 1}}, "classes": {"HealthResponse": {"executed_lines": [], "summary": {"covered_lines": 0, "num_statements": 0, "percent_covered": 100.0, "percent_covered_display": "100", "missing_lines": 0, "excluded_lines": 0, "percent_statements_covered": 100.0, "percent_statements_covered_display": "100"}, "missing_lines": [], "excluded_lines": [], "start_line": 16}, "ReadinessResponse": {"executed_lines": [], "summary": {"covered_lines": 0, "num_statements": 0, "percent_covered": 100.0, "percent_covered_display": "100", "missing_lines": 0, "excluded_lines": 0, "percent_statements_covered": 100.0, "percent_statements_covered_display": "100"}, "missing_lines": [], "excluded_lines": [], "start_line": 26}, "": {"executed_lines": [3, 5, 6, 7, 8, 10, 11, 13, 16, 19, 20, 21, 22, 23, 26, 29, 30, 31, 34, 35, 41, 50, 51, 62, 63], "summary": {"covered_lines": 25, "num_statements": 31, "percent_covered": 80.64516129032258, "percent_covered_display": "81", "missing_lines": 6, "excluded_lines": 0, "percent_statements_covered": 80.64516129032258, "percent_statements_covered_display": "81"}, "missing_lines": [64, 65, 66, 67, 68, 70], "excluded_lines": [], "start_line": 1}}}, "neuralops\\api\\routers\\models.py": {"executed_lines": [3, 4, 6, 7, 8, 13, 15, 18, 19, 38, 39, 57, 58, 77, 78, 99, 100, 116, 117], "summary": {"covered_lines": 19, "num_statements": 37, "percent_covered": 51.351351351351354, "percent_covered_display": "51", "missing_lines": 18, "excluded_lines": 0, "percent_statements_covered": 51.351351351351354, "percent_statements_covered_display": "51"}, "missing_lines": [32, 33, 34, 35, 54, 71, 72, 73, 74, 93, 94, 95, 96, 110, 111, 112, 113, 130], "excluded_lines": [], "functions": {"register_model": {"executed_lines": [], "summary": {"covered_lines": 0, "num_statements": 4, "percent_covered": 0.0, "percent_covered_display": "0", "missing_lines": 4, "excluded_lines": 0, "percent_statements_covered": 0.0, "percent_statements_covered_display": "0"}, "missing_lines": [32, 33, 34, 35], "excluded_lines": [], "start_line": 19}, "list_models": {"executed_lines": [], "summary": {"covered_lines": 0, "num_statements": 1, "percent_covered": 0.0, "percent_covered_display": "0", "missing_lines": 1, "excluded_lines": 0, "percent_statements_covered": 0.0, "percent_statements_covered_display": "0"}, "missing_lines": [54], "excluded_lines": [], "start_line": 39}, "get_model": {"executed_lines": [], "summary": {"covered_lines": 0, "num_statements": 4, "percent_covered": 0.0, "percent_covered_display": "0", "missing_lines": 4, "excluded_lines": 0, "percent_statements_covered": 0.0, "percent_statements_covered_display": "0"}, "missing_lines": [71, 72, 73, 74], "excluded_lines": [], "start_line": 58}, "update_model": {"executed_lines": [], "summary": {"covered_lines": 0, "num_statements": 4, "percent_covered": 0.0, "percent_covered_display": "0", "missing_lines": 4, "excluded_lines": 0, "percent_statements_covered": 0.0, "percent_statements_covered_display": "0"}, "missing_lines": [93, 94, 95, 96], "excluded_lines": [], "start_line": 78}, "delete_model": {"executed_lines": [], "summary": {"covered_lines": 0, "num_statements": 4, "percent_covered": 0.0, "percent_covered_display": "0", "missing_lines": 4, "excluded_lines": 0, "percent_statements_covered": 0.0, "percent_statements_covered_display": "0"}, "missing_lines": [110, 111, 112, 113], "excluded_lines": [], "start_line": 100}, "get_best_model": {"executed_lines": [], "summary": {"covered_lines": 0, "num_statements": 1, "percent_covered": 0.0, "percent_covered_display": "0", "missing_lines": 1, "excluded_lines": 0, "percent_statements_covered": 0.0, "percent_statements_covered_display": "0"}, "missing_lines": [130], "excluded_lines": [], "start_line": 117}, "": {"executed_lines": [3, 4, 6, 7, 8, 13, 15, 18, 19, 38, 39, 57, 58, 77, 78, 99, 100, 116, 117], "summary": {"covered_lines": 19, "num_statements": 19, "percent_covered": 100.0, "percent_covered_display": "100", "missing_lines": 0, "excluded_lines": 0, "percent_statements_covered": 100.0, "percent_statements_covered_display": "100"}, "missing_lines": [], "excluded_lines": [], "start_line": 1}}, "classes": {"": {"executed_lines": [3, 4, 6, 7, 8, 13, 15, 18, 19, 38, 39, 57, 58, 77, 78, 99, 100, 116, 117], "summary": {"covered_lines": 19, "num_statements": 37, "percent_covered": 51.351351351351354, "percent_covered_display": "51", "missing_lines": 18, "excluded_lines": 0, "percent_statements_covered": 51.351351351351354, "percent_statements_covered_display": "51"}, "missing_lines": [32, 33, 34, 35, 54, 71, 72, 73, 74, 93, 94, 95, 96, 110, 111, 112, 113, 130], "excluded_lines": [], "start_line": 1}}}, "neuralops\\api\\routers\\prompts.py": {"executed_lines": [15, 16, 18, 19, 20, 29, 31, 34, 35, 48, 49, 54, 55, 70, 73, 74, 87, 88, 93, 99, 114, 115, 120, 125, 144, 149, 170, 175, 192, 193, 198, 203, 220, 221, 226, 231, 246, 247], "summary": {"covered_lines": 38, "num_statements": 58, "percent_covered": 65.51724137931035, "percent_covered_display": "66", "missing_lines": 20, "excluded_lines": 0, "percent_statements_covered": 65.51724137931035, "percent_statements_covered_display": "66"}, "missing_lines": [50, 51, 89, 90, 116, 117, 138, 139, 140, 141, 164, 165, 166, 167, 194, 195, 222, 223, 248, 249], "excluded_lines": [], "functions": {"create_prompt": {"executed_lines": [48, 49], "summary": {"covered_lines": 2, "num_statements": 4, "percent_covered": 50.0, "percent_covered_display": "50", "missing_lines": 2, "excluded_lines": 0, "percent_statements_covered": 50.0, "percent_statements_covered_display": "50"}, "missing_lines": [50, 51], "excluded_lines": [], "start_line": 35}, "list_prompts": {"executed_lines": [70], "summary": {"covered_lines": 1, "num_statements": 1, "percent_covered": 100.0, "percent_covered_display": "100", "missing_lines": 0, "excluded_lines": 0, "percent_statements_covered": 100.0, "percent_statements_covered_display": "100"}, "missing_lines": [], "excluded_lines": [], "start_line": 55}, "get_prompt": {"executed_lines": [87, 88], "summary": {"covered_lines": 2, "num_statements": 4, "percent_covered": 50.0, "percent_covered_display": "50", "missing_lines": 2, "excluded_lines": 0, "percent_statements_covered": 50.0, "percent_statements_covered_display": "50"}, "missing_lines": [89, 90], "excluded_lines": [], "start_line": 74}, "create_version": {"executed_lines": [114, 115], "summary": {"covered_lines": 2, "num_statements": 4, "percent_covered": 50.0, "percent_covered_display": "50", "missing_lines": 2, "excluded_lines": 0, "percent_statements_covered": 50.0, "percent_statements_covered_display": "50"}, "missing_lines": [116, 117], "excluded_lines": [], "start_line": 99}, "list_versions": {"executed_lines": [], "summary": {"covered_lines": 0, "num_statements": 4, "percent_covered": 0.0, "percent_covered_display": "0", "missing_lines": 4, "excluded_lines": 0, "percent_statements_covered": 0.0, "percent_statements_covered_display": "0"}, "missing_lines": [138, 139, 140, 141], "excluded_lines": [], "start_line": 125}, "get_version": {"executed_lines": [], "summary": {"covered_lines": 0, "num_statements": 4, "percent_covered": 0.0, "percent_covered_display": "0", "missing_lines": 4, "excluded_lines": 0, "percent_statements_covered": 0.0, "percent_statements_covered_display": "0"}, "missing_lines": [164, 165, 166, 167], "excluded_lines": [], "start_line": 149}, "activate_version": {"executed_lines": [192, 193], "summary": {"covered_lines": 2, "num_statements": 4, "percent_covered": 50.0, "percent_covered_display": "50", "missing_lines": 2, "excluded_lines": 0, "percent_statements_covered": 50.0, "percent_statements_covered_display": "50"}, "missing_lines": [194, 195], "excluded_lines": [], "start_line": 175}, "diff_versions": {"executed_lines": [220, 221], "summary": {"covered_lines": 2, "num_statements": 4, "percent_covered": 50.0, "percent_covered_display": "50", "missing_lines": 2, "excluded_lines": 0, "percent_statements_covered": 50.0, "percent_statements_covered_display": "50"}, "missing_lines": [222, 223], "excluded_lines": [], "start_line": 203}, "rollback_version": {"executed_lines": [246, 247], "summary": {"covered_lines": 2, "num_statements": 4, "percent_covered": 50.0, "percent_covered_display": "50", "missing_lines": 2, "excluded_lines": 0, "percent_statements_covered": 50.0, "percent_statements_covered_display": "50"}, "missing_lines": [248, 249], "excluded_lines": [], "start_line": 231}, "": {"executed_lines": [15, 16, 18, 19, 20, 29, 31, 34, 35, 54, 55, 73, 74, 93, 99, 120, 125, 144, 149, 170, 175, 198, 203, 226, 231], "summary": {"covered_lines": 25, "num_statements": 25, "percent_covered": 100.0, "percent_covered_display": "100", "missing_lines": 0, "excluded_lines": 0, "percent_statements_covered": 100.0, "percent_statements_covered_display": "100"}, "missing_lines": [], "excluded_lines": [], "start_line": 1}}, "classes": {"": {"executed_lines": [15, 16, 18, 19, 20, 29, 31, 34, 35, 48, 49, 54, 55, 70, 73, 74, 87, 88, 93, 99, 114, 115, 120, 125, 144, 149, 170, 175, 192, 193, 198, 203, 220, 221, 226, 231, 246, 247], "summary": {"covered_lines": 38, "num_statements": 58, "percent_covered": 65.51724137931035, "percent_covered_display": "66", "missing_lines": 20, "excluded_lines": 0, "percent_statements_covered": 65.51724137931035, "percent_statements_covered_display": "66"}, "missing_lines": [50, 51, 89, 90, 116, 117, 138, 139, 140, 141, 164, 165, 166, 167, 194, 195, 222, 223, 248, 249], "excluded_lines": [], "start_line": 1}}}, "neuralops\\core\\__init__.py": {"executed_lines": [], "summary": {"covered_lines": 0, "num_statements": 0, "percent_covered": 100.0, "percent_covered_display": "100", "missing_lines": 0, "excluded_lines": 0, "percent_statements_covered": 100.0, "percent_statements_covered_display": "100"}, "missing_lines": [], "excluded_lines": [], "functions": {"": {"executed_lines": [], "summary": {"covered_lines": 0, "num_statements": 0, "percent_covered": 100.0, "percent_covered_display": "100", "missing_lines": 0, "excluded_lines": 0, "percent_statements_covered": 100.0, "percent_statements_covered_display": "100"}, "missing_lines": [], "excluded_lines": [], "start_line": 1}}, "classes": {"": {"executed_lines": [], "summary": {"covered_lines": 0, "num_statements": 0, "percent_covered": 100.0, "percent_covered_display": "100", "missing_lines": 0, "excluded_lines": 0, "percent_statements_covered": 100.0, "percent_statements_covered_display": "100"}, "missing_lines": [], "excluded_lines": [], "start_line": 1}}}, "neuralops\\core\\config.py": {"executed_lines": [7, 9, 10, 13, 39, 47, 48, 49, 50, 53, 54, 57, 58, 59, 62, 63, 64, 67, 68, 71, 72, 73, 76, 77, 80, 82, 83, 85, 86, 88, 90, 92, 93, 95, 97, 98, 102, 103, 104, 106, 108, 110, 111, 112, 114, 116, 119, 120, 122, 125], "summary": {"covered_lines": 50, "num_statements": 55, "percent_covered": 90.9090909090909, "percent_covered_display": "91", "missing_lines": 5, "excluded_lines": 0, "percent_statements_covered": 90.9090909090909, "percent_statements_covered_display": "91"}, "missing_lines": [87, 89, 100, 107, 115], "excluded_lines": [], "functions": {"Settings.async_database_url": {"executed_lines": [85, 86, 88, 90], "summary": {"covered_lines": 4, "num_statements": 6, "percent_covered": 66.66666666666667, "percent_covered_display": "67", "missing_lines": 2, "excluded_lines": 0, "percent_statements_covered": 66.66666666666667, "percent_statements_covered_display": "67"}, "missing_lines": [87, 89], "excluded_lines": [], "start_line": 83}, "Settings.is_development": {"executed_lines": [95], "summary": {"covered_lines": 1, "num_statements": 1, "percent_covered": 100.0, "percent_covered_display": "100", "missing_lines": 0, "excluded_lines": 0, "percent_statements_covered": 100.0, "percent_statements_covered_display": "100"}, "missing_lines": [], "excluded_lines": [], "start_line": 93}, "Settings.is_test": {"executed_lines": [], "summary": {"covered_lines": 0, "num_statements": 1, "percent_covered": 0.0, "percent_covered_display": "0", "missing_lines": 1, "excluded_lines": 0, "percent_statements_covered": 0.0, "percent_statements_covered_display": "0"}, "missing_lines": [100], "excluded_lines": [], "start_line": 98}, "Settings.validate_significance": {"executed_lines": [106, 108], "summary": {"covered_lines": 2, "num_statements": 3, "percent_covered": 66.66666666666667, "percent_covered_display": "67", "missing_lines": 1, "excluded_lines": 0, "percent_statements_covered": 66.66666666666667, "percent_statements_covered_display": "67"}, "missing_lines": [107], "excluded_lines": [], "start_line": 104}, "Settings.validate_toxicity_threshold": {"executed_lines": [114, 116], "summary": {"covered_lines": 2, "num_statements": 3, "percent_covered": 66.66666666666667, "percent_covered_display": "67", "missing_lines": 1, "excluded_lines": 0, "percent_statements_covered": 66.66666666666667, "percent_statements_covered_display": "67"}, "missing_lines": [115], "excluded_lines": [], "start_line": 112}, "get_settings": {"executed_lines": [122], "summary": {"covered_lines": 1, "num_statements": 1, "percent_covered": 100.0, "percent_covered_display": "100", "missing_lines": 0, "excluded_lines": 0, "percent_statements_covered": 100.0, "percent_statements_covered_display": "100"}, "missing_lines": [], "excluded_lines": [], "start_line": 120}, "": {"executed_lines": [7, 9, 10, 13, 39, 47, 48, 49, 50, 53, 54, 57, 58, 59, 62, 63, 64, 67, 68, 71, 72, 73, 76, 77, 80, 82, 83, 92, 93, 97, 98, 102, 103, 104, 110, 111, 112, 119, 120, 125], "summary": {"covered_lines": 40, "num_statements": 40, "percent_covered": 100.0, "percent_covered_display": "100", "missing_lines": 0, "excluded_lines": 0, "percent_statements_covered": 100.0, "percent_statements_covered_display": "100"}, "missing_lines": [], "excluded_lines": [], "start_line": 1}}, "classes": {"Settings": {"executed_lines": [85, 86, 88, 90, 95, 106, 108, 114, 116], "summary": {"covered_lines": 9, "num_statements": 14, "percent_covered": 64.28571428571429, "percent_covered_display": "64", "missing_lines": 5, "excluded_lines": 0, "percent_statements_covered": 64.28571428571429, "percent_statements_covered_display": "64"}, "missing_lines": [87, 89, 100, 107, 115], "excluded_lines": [], "start_line": 13}, "": {"executed_lines": [7, 9, 10, 13, 39, 47, 48, 49, 50, 53, 54, 57, 58, 59, 62, 63, 64, 67, 68, 71, 72, 73, 76, 77, 80, 82, 83, 92, 93, 97, 98, 102, 103, 104, 110, 111, 112, 119, 120, 122, 125], "summary": {"covered_lines": 41, "num_statements": 41, "percent_covered": 100.0, "percent_covered_display": "100", "missing_lines": 0, "excluded_lines": 0, "percent_statements_covered": 100.0, "percent_statements_covered_display": "100"}, "missing_lines": [], "excluded_lines": [], "start_line": 1}}}, "neuralops\\core\\database.py": {"executed_lines": [7, 9, 15, 17, 20, 24, 25, 26, 27, 33, 40, 42, 49], "summary": {"covered_lines": 13, "num_statements": 16, "percent_covered": 81.25, "percent_covered_display": "81", "missing_lines": 3, "excluded_lines": 0, "percent_statements_covered": 81.25, "percent_statements_covered_display": "81"}, "missing_lines": [28, 55, 56], "excluded_lines": [], "functions": {"_build_engine": {"executed_lines": [25, 26, 27, 33], "summary": {"covered_lines": 4, "num_statements": 5, "percent_covered": 80.0, "percent_covered_display": "80", "missing_lines": 1, "excluded_lines": 0, "percent_statements_covered": 80.0, "percent_statements_covered_display": "80"}, "missing_lines": [28], "excluded_lines": [], "start_line": 24}, "get_db": {"executed_lines": [], "summary": {"covered_lines": 0, "num_statements": 2, "percent_covered": 0.0, "percent_covered_display": "0", "missing_lines": 2, "excluded_lines": 0, "percent_statements_covered": 0.0, "percent_statements_covered_display": "0"}, "missing_lines": [55, 56], "excluded_lines": [], "start_line": 49}, "": {"executed_lines": [7, 9, 15, 17, 20, 24, 40, 42, 49], "summary": {"covered_lines": 9, "num_statements": 9, "percent_covered": 100.0, "percent_covered_display": "100", "missing_lines": 0, "excluded_lines": 0, "percent_statements_covered": 100.0, "percent_statements_covered_display": "100"}, "missing_lines": [], "excluded_lines": [], "start_line": 1}}, "classes": {"Base": {"executed_lines": [], "summary": {"covered_lines": 0, "num_statements": 0, "percent_covered": 100.0, "percent_covered_display": "100", "missing_lines": 0, "excluded_lines": 0, "percent_statements_covered": 100.0, "percent_statements_covered_display": "100"}, "missing_lines": [], "excluded_lines": [], "start_line": 20}, "": {"executed_lines": [7, 9, 15, 17, 20, 24, 25, 26, 27, 33, 40, 42, 49], "summary": {"covered_lines": 13, "num_statements": 16, "percent_covered": 81.25, "percent_covered_display": "81", "missing_lines": 3, "excluded_lines": 0, "percent_statements_covered": 81.25, "percent_statements_covered_display": "81"}, "missing_lines": [28, 55, 56], "excluded_lines": [], "start_line": 1}}}, "neuralops\\core\\exceptions.py": {"executed_lines": [7, 8, 19, 22, 23, 24, 25, 31, 35, 39, 43, 50, 54, 61, 65, 72, 76, 80, 84, 88, 95, 99, 103, 109, 126, 135, 136], "summary": {"covered_lines": 27, "num_statements": 27, "percent_covered": 100.0, "percent_covered_display": "100", "missing_lines": 0, "excluded_lines": 0, "percent_statements_covered": 100.0, "percent_statements_covered_display": "100"}, "missing_lines": [], "excluded_lines": [], "functions": {"NeuralOpsError.__init__": {"executed_lines": [23, 24, 25], "summary": {"covered_lines": 3, "num_statements": 3, "percent_covered": 100.0, "percent_covered_display": "100", "missing_lines": 0, "excluded_lines": 0, "percent_statements_covered": 100.0, "percent_statements_covered_display": "100"}, "missing_lines": [], "excluded_lines": [], "start_line": 22}, "to_http_exception": {"executed_lines": [135, 136], "summary": {"covered_lines": 2, "num_statements": 2, "percent_covered": 100.0, "percent_covered_display": "100", "missing_lines": 0, "excluded_lines": 0, "percent_statements_covered": 100.0, "percent_statements_covered_display": "100"}, "missing_lines": [], "excluded_lines": [], "start_line": 126}, "": {"executed_lines": [7, 8, 19, 22, 31, 35, 39, 43, 50, 54, 61, 65, 72, 76, 80, 84, 88, 95, 99, 103, 109, 126], "summary": {"covered_lines": 22, "num_statements": 22, "percent_covered": 100.0, "percent_covered_display": "100", "missing_lines": 0, "excluded_lines": 0, "percent_statements_covered": 100.0, "percent_statements_covered_display": "100"}, "missing_lines": [], "excluded_lines": [], "start_line": 1}}, "classes": {"NeuralOpsError": {"executed_lines": [23, 24, 25], "summary": {"covered_lines": 3, "num_statements": 3, "percent_covered": 100.0, "percent_covered_display": "100", "missing_lines": 0, "excluded_lines": 0, "percent_statements_covered": 100.0, "percent_statements_covered_display": "100"}, "missing_lines": [], "excluded_lines": [], "start_line": 19}, "PromptNotFoundError": {"executed_lines": [], "summary": {"covered_lines": 0, "num_statements": 0, "percent_covered": 100.0, "percent_covered_display": "100", "missing_lines": 0, "excluded_lines": 0, "percent_statements_covered": 100.0, "percent_statements_covered_display": "100"}, "missing_lines": [], "excluded_lines": [], "start_line": 31}, "VersionNotFoundError": {"executed_lines": [], "summary": {"covered_lines": 0, "num_statements": 0, "percent_covered": 100.0, "percent_covered_display": "100", "missing_lines": 0, "excluded_lines": 0, "percent_statements_covered": 100.0, "percent_statements_covered_display": "100"}, "missing_lines": [], "excluded_lines": [], "start_line": 35}, "VersionAlreadyExistsError": {"executed_lines": [], "summary": {"covered_lines": 0, "num_statements": 0, "percent_covered": 100.0, "percent_covered_display": "100", "missing_lines": 0, "excluded_lines": 0, "percent_statements_covered": 100.0, "percent_statements_covered_display": "100"}, "missing_lines": [], "excluded_lines": [], "start_line": 39}, "InvalidSemverError": {"executed_lines": [], "summary": {"covered_lines": 0, "num_statements": 0, "percent_covered": 100.0, "percent_covered_display": "100", "missing_lines": 0, "excluded_lines": 0, "percent_statements_covered": 100.0, "percent_statements_covered_display": "100"}, "missing_lines": [], "excluded_lines": [], "start_line": 43}, "ExperimentNotFoundError": {"executed_lines": [], "summary": {"covered_lines": 0, "num_statements": 0, "percent_covered": 100.0, "percent_covered_display": "100", "missing_lines": 0, "excluded_lines": 0, "percent_statements_covered": 100.0, "percent_statements_covered_display": "100"}, "missing_lines": [], "excluded_lines": [], "start_line": 50}, "ExperimentAlreadyCompletedError": {"executed_lines": [], "summary": {"covered_lines": 0, "num_statements": 0, "percent_covered": 100.0, "percent_covered_display": "100", "missing_lines": 0, "excluded_lines": 0, "percent_statements_covered": 100.0, "percent_statements_covered_display": "100"}, "missing_lines": [], "excluded_lines": [], "start_line": 54}, "ModelNotFoundError": {"executed_lines": [], "summary": {"covered_lines": 0, "num_statements": 0, "percent_covered": 100.0, "percent_covered_display": "100", "missing_lines": 0, "excluded_lines": 0, "percent_statements_covered": 100.0, "percent_statements_covered_display": "100"}, "missing_lines": [], "excluded_lines": [], "start_line": 61}, "ModelAlreadyRegisteredError": {"executed_lines": [], "summary": {"covered_lines": 0, "num_statements": 0, "percent_covered": 100.0, "percent_covered_display": "100", "missing_lines": 0, "excluded_lines": 0, "percent_statements_covered": 100.0, "percent_statements_covered_display": "100"}, "missing_lines": [], "excluded_lines": [], "start_line": 65}, "LLMClientError": {"executed_lines": [], "summary": {"covered_lines": 0, "num_statements": 0, "percent_covered": 100.0, "percent_covered_display": "100", "missing_lines": 0, "excluded_lines": 0, "percent_statements_covered": 100.0, "percent_statements_covered_display": "100"}, "missing_lines": [], "excluded_lines": [], "start_line": 72}, "LLMRateLimitError": {"executed_lines": [], "summary": {"covered_lines": 0, "num_statements": 0, "percent_covered": 100.0, "percent_covered_display": "100", "missing_lines": 0, "excluded_lines": 0, "percent_statements_covered": 100.0, "percent_statements_covered_display": "100"}, "missing_lines": [], "excluded_lines": [], "start_line": 76}, "LLMTimeoutError": {"executed_lines": [], "summary": {"covered_lines": 0, "num_statements": 0, "percent_covered": 100.0, "percent_covered_display": "100", "missing_lines": 0, "excluded_lines": 0, "percent_statements_covered": 100.0, "percent_statements_covered_display": "100"}, "missing_lines": [], "excluded_lines": [], "start_line": 80}, "LLMProviderError": {"executed_lines": [], "summary": {"covered_lines": 0, "num_statements": 0, "percent_covered": 100.0, "percent_covered_display": "100", "missing_lines": 0, "excluded_lines": 0, "percent_statements_covered": 100.0, "percent_statements_covered_display": "100"}, "missing_lines": [], "excluded_lines": [], "start_line": 84}, "NoFallbackAvailableError": {"executed_lines": [], "summary": {"covered_lines": 0, "num_statements": 0, "percent_covered": 100.0, "percent_covered_display": "100", "missing_lines": 0, "excluded_lines": 0, "percent_statements_covered": 100.0, "percent_statements_covered_display": "100"}, "missing_lines": [], "excluded_lines": [], "start_line": 88}, "GuardrailError": {"executed_lines": [], "summary": {"covered_lines": 0, "num_statements": 0, "percent_covered": 100.0, "percent_covered_display": "100", "missing_lines": 0, "excluded_lines": 0, "percent_statements_covered": 100.0, "percent_statements_covered_display": "100"}, "missing_lines": [], "excluded_lines": [], "start_line": 95}, "PIIDetectionError": {"executed_lines": [], "summary": {"covered_lines": 0, "num_statements": 0, "percent_covered": 100.0, "percent_covered_display": "100", "missing_lines": 0, "excluded_lines": 0, "percent_statements_covered": 100.0, "percent_statements_covered_display": "100"}, "missing_lines": [], "excluded_lines": [], "start_line": 99}, "ToxicityModelError": {"executed_lines": [], "summary": {"covered_lines": 0, "num_statements": 0, "percent_covered": 100.0, "percent_covered_display": "100", "missing_lines": 0, "excluded_lines": 0, "percent_statements_covered": 100.0, "percent_statements_covered_display": "100"}, "missing_lines": [], "excluded_lines": [], "start_line": 103}, "": {"executed_lines": [7, 8, 19, 22, 31, 35, 39, 43, 50, 54, 61, 65, 72, 76, 80, 84, 88, 95, 99, 103, 109, 126, 135, 136], "summary": {"covered_lines": 24, "num_statements": 24, "percent_covered": 100.0, "percent_covered_display": "100", "missing_lines": 0, "excluded_lines": 0, "percent_statements_covered": 100.0, "percent_statements_covered_display": "100"}, "missing_lines": [], "excluded_lines": [], "start_line": 1}}}, "neuralops\\core\\logging.py": {"executed_lines": [7, 8, 10, 13, 64, 73], "summary": {"covered_lines": 6, "num_statements": 19, "percent_covered": 31.57894736842105, "percent_covered_display": "32", "missing_lines": 13, "excluded_lines": 0, "percent_statements_covered": 31.57894736842105, "percent_statements_covered_display": "32"}, "missing_lines": [20, 29, 30, 32, 34, 44, 52, 53, 55, 56, 57, 60, 61], "excluded_lines": [], "functions": {"configure_logging": {"executed_lines": [], "summary": {"covered_lines": 0, "num_statements": 13, "percent_covered": 0.0, "percent_covered_display": "0", "missing_lines": 13, "excluded_lines": 0, "percent_statements_covered": 0.0, "percent_statements_covered_display": "0"}, "missing_lines": [20, 29, 30, 32, 34, 44, 52, 53, 55, 56, 57, 60, 61], "excluded_lines": [], "start_line": 13}, "get_logger": {"executed_lines": [73], "summary": {"covered_lines": 1, "num_statements": 1, "percent_covered": 100.0, "percent_covered_display": "100", "missing_lines": 0, "excluded_lines": 0, "percent_statements_covered": 100.0, "percent_statements_covered_display": "100"}, "missing_lines": [], "excluded_lines": [], "start_line": 64}, "": {"executed_lines": [7, 8, 10, 13, 64], "summary": {"covered_lines": 5, "num_statements": 5, "percent_covered": 100.0, "percent_covered_display": "100", "missing_lines": 0, "excluded_lines": 0, "percent_statements_covered": 100.0, "percent_statements_covered_display": "100"}, "missing_lines": [], "excluded_lines": [], "start_line": 1}}, "classes": {"": {"executed_lines": [7, 8, 10, 13, 64, 73], "summary": {"covered_lines": 6, "num_statements": 19, "percent_covered": 31.57894736842105, "percent_covered_display": "32", "missing_lines": 13, "excluded_lines": 0, "percent_statements_covered": 31.57894736842105, "percent_statements_covered_display": "32"}, "missing_lines": [20, 29, 30, 32, 34, 44, 52, 53, 55, 56, 57, 60, 61], "excluded_lines": [], "start_line": 1}}}, "neuralops\\engine\\__init__.py": {"executed_lines": [], "summary": {"covered_lines": 0, "num_statements": 0, "percent_covered": 100.0, "percent_covered_display": "100", "missing_lines": 0, "excluded_lines": 0, "percent_statements_covered": 100.0, "percent_statements_covered_display": "100"}, "missing_lines": [], "excluded_lines": [], "functions": {"": {"executed_lines": [], "summary": {"covered_lines": 0, "num_statements": 0, "percent_covered": 100.0, "percent_covered_display": "100", "missing_lines": 0, "excluded_lines": 0, "percent_statements_covered": 100.0, "percent_statements_covered_display": "100"}, "missing_lines": [], "excluded_lines": [], "start_line": 1}}, "classes": {"": {"executed_lines": [], "summary": {"covered_lines": 0, "num_statements": 0, "percent_covered": 100.0, "percent_covered_display": "100", "missing_lines": 0, "excluded_lines": 0, "percent_statements_covered": 100.0, "percent_statements_covered_display": "100"}, "missing_lines": [], "excluded_lines": [], "start_line": 1}}}, "neuralops\\engine\\ab_runner.py": {"executed_lines": [8, 9, 10, 11, 12, 14, 16, 17, 18, 19, 20, 22, 25, 26, 45, 46, 47, 48, 49, 50, 51, 52, 53, 54, 55, 56, 57, 60, 61, 73, 74, 75, 76, 77, 78, 81, 96, 98, 99, 100, 102, 103, 108, 109, 110, 111, 112, 114, 124, 132, 137, 138, 140, 169, 170, 173, 175, 177, 178, 184, 186, 187, 193, 195, 196, 199, 206, 211, 240, 243, 245, 246, 247, 248, 249, 252, 253, 277, 278, 280], "summary": {"covered_lines": 80, "num_statements": 92, "percent_covered": 86.95652173913044, "percent_covered_display": "87", "missing_lines": 12, "excluded_lines": 0, "percent_statements_covered": 86.95652173913044, "percent_statements_covered_display": "87"}, "missing_lines": [254, 256, 261, 262, 263, 264, 265, 266, 267, 268, 269, 270], "excluded_lines": [], "functions": {"_run_significance_test": {"executed_lines": [96, 98, 99, 100, 102, 103, 108, 109, 110, 111, 112, 114], "summary": {"covered_lines": 12, "num_statements": 12, "percent_covered": 100.0, "percent_covered_display": "100", "missing_lines": 0, "excluded_lines": 0, "percent_statements_covered": 100.0, "percent_statements_covered_display": "100"}, "missing_lines": [], "excluded_lines": [], "start_line": 81}, "ABRunner.__init__": {"executed_lines": [137, 138], "summary": {"covered_lines": 2, "num_statements": 2, "percent_covered": 100.0, "percent_covered_display": "100", "missing_lines": 0, "excluded_lines": 0, "percent_statements_covered": 100.0, "percent_statements_covered_display": "100"}, "missing_lines": [], "excluded_lines": [], "start_line": 132}, "ABRunner.run_trial": {"executed_lines": [169, 170, 173, 175, 184, 193, 195, 196, 199, 206, 211, 240, 243, 245, 246, 247, 248, 249, 252, 253, 277, 278, 280], "summary": {"covered_lines": 23, "num_statements": 35, "percent_covered": 65.71428571428571, "percent_covered_display": "66", "missing_lines": 12, "excluded_lines": 0, "percent_statements_covered": 65.71428571428571, "percent_statements_covered_display": "66"}, "missing_lines": [254, 256, 261, 262, 263, 264, 265, 266, 267, 268, 269, 270], "excluded_lines": [], "start_line": 140}, "ABRunner.run_trial.call_a": {"executed_lines": [177, 178], "summary": {"covered_lines": 2, "num_statements": 2, "percent_covered": 100.0, "percent_covered_display": "100", "missing_lines": 0, "excluded_lines": 0, "percent_statements_covered": 100.0, "percent_statements_covered_display": "100"}, "missing_lines": [], "excluded_lines": [], "start_line": 175}, "ABRunner.run_trial.call_b": {"executed_lines": [186, 187], "summary": {"covered_lines": 2, "num_statements": 2, "percent_covered": 100.0, "percent_covered_display": "100", "missing_lines": 0, "excluded_lines": 0, "percent_statements_covered": 100.0, "percent_statements_covered_display": "100"}, "missing_lines": [], "excluded_lines": [], "start_line": 184}, "": {"executed_lines": [8, 9, 10, 11, 12, 14, 16, 17, 18, 19, 20, 22, 25, 26, 45, 46, 47, 48, 49, 50, 51, 52, 53, 54, 55, 56, 57, 60, 61, 73, 74, 75, 76, 77, 78, 81, 124, 132, 140], "summary": {"covered_lines": 39, "num_statements": 39, "percent_covered": 100.0, "percent_covered_display": "100", "missing_lines": 0, "excluded_lines": 0, "percent_statements_covered": 100.0, "percent_statements_covered_display": "100"}, "missing_lines": [], "excluded_lines": [], "start_line": 1}}, "classes": {"TrialResult": {"executed_lines": [], "summary": {"covered_lines": 0, "num_statements": 0, "percent_covered": 100.0, "percent_covered_display": "100", "missing_lines": 0, "excluded_lines": 0, "percent_statements_covered": 100.0, "percent_statements_covered_display": "100"}, "missing_lines": [], "excluded_lines": [], "start_line": 26}, "SignificanceTestResult": {"executed_lines": [], "summary": {"covered_lines": 0, "num_statements": 0, "percent_covered": 100.0, "percent_covered_display": "100", "missing_lines": 0, "excluded_lines": 0, "percent_statements_covered": 100.0, "percent_statements_covered_display": "100"}, "missing_lines": [], "excluded_lines": [], "start_line": 61}, "ABRunner": {"executed_lines": [137, 138, 169, 170, 173, 175, 177, 178, 184, 186, 187, 193, 195, 196, 199, 206, 211, 240, 243, 245, 246, 247, 248, 249, 252, 253, 277, 278, 280], "summary": {"covered_lines": 29, "num_statements": 41, "percent_covered": 70.73170731707317, "percent_covered_display": "71", "missing_lines": 12, "excluded_lines": 0, "percent_statements_covered": 70.73170731707317, "percent_statements_covered_display": "71"}, "missing_lines": [254, 256, 261, 262, 263, 264, 265, 266, 267, 268, 269, 270], "excluded_lines": [], "start_line": 124}, "": {"executed_lines": [8, 9, 10, 11, 12, 14, 16, 17, 18, 19, 20, 22, 25, 26, 45, 46, 47, 48, 49, 50, 51, 52, 53, 54, 55, 56, 57, 60, 61, 73, 74, 75, 76, 77, 78, 81, 96, 98, 99, 100, 102, 103, 108, 109, 110, 111, 112, 114, 124, 132, 140], "summary": {"covered_lines": 51, "num_statements": 51, "percent_covered": 100.0, "percent_covered_display": "100", "missing_lines": 0, "excluded_lines": 0, "percent_statements_covered": 100.0, "percent_statements_covered_display": "100"}, "missing_lines": [], "excluded_lines": [], "start_line": 1}}}, "neuralops\\engine\\cost_tracker.py": {"executed_lines": [], "summary": {"covered_lines": 0, "num_statements": 55, "percent_covered": 0.0, "percent_covered_display": "0", "missing_lines": 55, "excluded_lines": 0, "percent_statements_covered": 0.0, "percent_statements_covered_display": "0"}, "missing_lines": [6, 7, 9, 11, 14, 35, 36, 50, 51, 52, 53, 54, 55, 56, 57, 60, 61, 75, 76, 77, 78, 79, 80, 81, 82, 85, 102, 103, 104, 105, 106, 108, 109, 110, 113, 122, 123, 132, 133, 134, 135, 137, 138, 140, 141, 142, 143, 144, 145, 147, 148, 149, 150, 151, 153], "excluded_lines": [], "functions": {"calculate_cost": {"executed_lines": [], "summary": {"covered_lines": 0, "num_statements": 8, "percent_covered": 0.0, "percent_covered_display": "0", "missing_lines": 8, "excluded_lines": 0, "percent_statements_covered": 0.0, "percent_statements_covered_display": "0"}, "missing_lines": [102, 103, 104, 105, 106, 108, 109, 110], "excluded_lines": [], "start_line": 85}, "summarize_costs": {"executed_lines": [], "summary": {"covered_lines": 0, "num_statements": 20, "percent_covered": 0.0, "percent_covered_display": "0", "missing_lines": 20, "excluded_lines": 0, "percent_statements_covered": 0.0, "percent_statements_covered_display": "0"}, "missing_lines": [122, 123, 132, 133, 134, 135, 137, 138, 140, 141, 142, 143, 144, 145, 147, 148, 149, 150, 151, 153], "excluded_lines": [], "start_line": 113}, "": {"executed_lines": [], "summary": {"covered_lines": 0, "num_statements": 27, "percent_covered": 0.0, "percent_covered_display": "0", "missing_lines": 27, "excluded_lines": 0, "percent_statements_covered": 0.0, "percent_statements_covered_display": "0"}, "missing_lines": [6, 7, 9, 11, 14, 35, 36, 50, 51, 52, 53, 54, 55, 56, 57, 60, 61, 75, 76, 77, 78, 79, 80, 81, 82, 85, 113], "excluded_lines": [], "start_line": 1}}, "classes": {"CostRecord": {"executed_lines": [], "summary": {"covered_lines": 0, "num_statements": 0, "percent_covered": 100.0, "percent_covered_display": "100", "missing_lines": 0, "excluded_lines": 0, "percent_statements_covered": 100.0, "percent_statements_covered_display": "100"}, "missing_lines": [], "excluded_lines": [], "start_line": 36}, "CostSummary": {"executed_lines": [], "summary": {"covered_lines": 0, "num_statements": 0, "percent_covered": 100.0, "percent_covered_display": "100", "missing_lines": 0, "excluded_lines": 0, "percent_statements_covered": 100.0, "percent_statements_covered_display": "100"}, "missing_lines": [], "excluded_lines": [], "start_line": 61}, "": {"executed_lines": [], "summary": {"covered_lines": 0, "num_statements": 55, "percent_covered": 0.0, "percent_covered_display": "0", "missing_lines": 55, "excluded_lines": 0, "percent_statements_covered": 0.0, "percent_statements_covered_display": "0"}, "missing_lines": [6, 7, 9, 11, 14, 35, 36, 50, 51, 52, 53, 54, 55, 56, 57, 60, 61, 75, 76, 77, 78, 79, 80, 81, 82, 85, 102, 103, 104, 105, 106, 108, 109, 110, 113, 122, 123, 132, 133, 134, 135, 137, 138, 140, 141, 142, 143, 144, 145, 147, 148, 149, 150, 151, 153], "excluded_lines": [], "start_line": 1}}}, "neuralops\\engine\\guardrails\\__init__.py": {"executed_lines": [], "summary": {"covered_lines": 0, "num_statements": 0, "percent_covered": 100.0, "percent_covered_display": "100", "missing_lines": 0, "excluded_lines": 0, "percent_statements_covered": 100.0, "percent_statements_covered_display": "100"}, "missing_lines": [], "excluded_lines": [], "functions": {"": {"executed_lines": [], "summary": {"covered_lines": 0, "num_statements": 0, "percent_covered": 100.0, "percent_covered_display": "100", "missing_lines": 0, "excluded_lines": 0, "percent_statements_covered": 100.0, "percent_statements_covered_display": "100"}, "missing_lines": [], "excluded_lines": [], "start_line": 1}}, "classes": {"": {"executed_lines": [], "summary": {"covered_lines": 0, "num_statements": 0, "percent_covered": 100.0, "percent_covered_display": "100", "missing_lines": 0, "excluded_lines": 0, "percent_statements_covered": 100.0, "percent_statements_covered_display": "100"}, "missing_lines": [], "excluded_lines": [], "start_line": 1}}}, "neuralops\\engine\\guardrails\\off_topic_detector.py": {"executed_lines": [8, 10, 11, 13, 15, 21, 30, 31, 41, 42, 43, 44, 47, 99, 105, 107, 108, 110, 114, 115, 117, 118, 120, 121, 122, 124], "summary": {"covered_lines": 26, "num_statements": 38, "percent_covered": 68.42105263157895, "percent_covered_display": "68", "missing_lines": 12, "excluded_lines": 0, "percent_statements_covered": 68.42105263157895, "percent_statements_covered_display": "68"}, "missing_lines": [65, 67, 69, 70, 75, 76, 78, 87, 88, 94, 95, 96], "excluded_lines": [], "functions": {"detect_off_topic": {"executed_lines": [], "summary": {"covered_lines": 0, "num_statements": 12, "percent_covered": 0.0, "percent_covered_display": "0", "missing_lines": 12, "excluded_lines": 0, "percent_statements_covered": 0.0, "percent_statements_covered_display": "0"}, "missing_lines": [65, 67, 69, 70, 75, 76, 78, 87, 88, 94, 95, 96], "excluded_lines": [], "start_line": 47}, "_fallback_detect": {"executed_lines": [105, 107, 108, 110, 114, 115, 117, 118, 120, 121, 122, 124], "summary": {"covered_lines": 12, "num_statements": 12, "percent_covered": 100.0, "percent_covered_display": "100", "missing_lines": 0, "excluded_lines": 0, "percent_statements_covered": 100.0, "percent_statements_covered_display": "100"}, "missing_lines": [], "excluded_lines": [], "start_line": 99}, "": {"executed_lines": [8, 10, 11, 13, 15, 21, 30, 31, 41, 42, 43, 44, 47, 99], "summary": {"covered_lines": 14, "num_statements": 14, "percent_covered": 100.0, "percent_covered_display": "100", "missing_lines": 0, "excluded_lines": 0, "percent_statements_covered": 100.0, "percent_statements_covered_display": "100"}, "missing_lines": [], "excluded_lines": [], "start_line": 1}}, "classes": {"OffTopicResult": {"executed_lines": [], "summary": {"covered_lines": 0, "num_statements": 0, "percent_covered": 100.0, "percent_covered_display": "100", "missing_lines": 0, "excluded_lines": 0, "percent_statements_covered": 100.0, "percent_statements_covered_display": "100"}, "missing_lines": [], "excluded_lines": [], "start_line": 31}, "": {"executed_lines": [8, 10, 11, 13, 15, 21, 30, 31, 41, 42, 43, 44, 47, 99, 105, 107, 108, 110, 114, 115, 117, 118, 120, 121, 122, 124], "summary": {"covered_lines": 26, "num_statements": 38, "percent_covered": 68.42105263157895, "percent_covered_display": "68", "missing_lines": 12, "excluded_lines": 0, "percent_statements_covered": 68.42105263157895, "percent_statements_covered_display": "68"}, "missing_lines": [65, 67, 69, 70, 75, 76, 78, 87, 88, 94, 95, 96], "excluded_lines": [], "start_line": 1}}}, "neuralops\\engine\\guardrails\\pii_detector.py": {"executed_lines": [11, 12, 14, 16, 18, 19, 22, 59, 73, 74, 85, 86, 87, 88, 89, 92, 93, 102, 103, 104, 107, 154], "summary": {"covered_lines": 22, "num_statements": 62, "percent_covered": 35.483870967741936, "percent_covered_display": "35", "missing_lines": 40, "excluded_lines": 0, "percent_statements_covered": 35.483870967741936, "percent_statements_covered_display": "35"}, "missing_lines": [29, 30, 32, 33, 34, 36, 37, 41, 42, 43, 44, 48, 50, 51, 52, 53, 54, 56, 62, 63, 64, 65, 67, 68, 69, 70, 116, 117, 118, 120, 121, 132, 133, 134, 135, 137, 149, 151, 165, 166], "excluded_lines": [], "functions": {"_get_analyzer": {"executed_lines": [], "summary": {"covered_lines": 0, "num_statements": 18, "percent_covered": 0.0, "percent_covered_display": "0", "missing_lines": 18, "excluded_lines": 0, "percent_statements_covered": 0.0, "percent_statements_covered_display": "0"}, "missing_lines": [29, 30, 32, 33, 34, 36, 37, 41, 42, 43, 44, 48, 50, 51, 52, 53, 54, 56], "excluded_lines": [], "start_line": 22}, "_get_anonymizer": {"executed_lines": [], "summary": {"covered_lines": 0, "num_statements": 8, "percent_covered": 0.0, "percent_covered_display": "0", "missing_lines": 8, "excluded_lines": 0, "percent_statements_covered": 0.0, "percent_statements_covered_display": "0"}, "missing_lines": [62, 63, 64, 65, 67, 68, 69, 70], "excluded_lines": [], "start_line": 59}, "_analyze_sync": {"executed_lines": [], "summary": {"covered_lines": 0, "num_statements": 12, "percent_covered": 0.0, "percent_covered_display": "0", "missing_lines": 12, "excluded_lines": 0, "percent_statements_covered": 0.0, "percent_statements_covered_display": "0"}, "missing_lines": [116, 117, 118, 120, 121, 132, 133, 134, 135, 137, 149, 151], "excluded_lines": [], "start_line": 107}, "detect_pii": {"executed_lines": [], "summary": {"covered_lines": 0, "num_statements": 2, "percent_covered": 0.0, "percent_covered_display": "0", "missing_lines": 2, "excluded_lines": 0, "percent_statements_covered": 0.0, "percent_statements_covered_display": "0"}, "missing_lines": [165, 166], "excluded_lines": [], "start_line": 154}, "": {"executed_lines": [11, 12, 14, 16, 18, 19, 22, 59, 73, 74, 85, 86, 87, 88, 89, 92, 93, 102, 103, 104, 107, 154], "summary": {"covered_lines": 22, "num_statements": 22, "percent_covered": 100.0, "percent_covered_display": "100", "missing_lines": 0, "excluded_lines": 0, "percent_statements_covered": 100.0, "percent_statements_covered_display": "100"}, "missing_lines": [], "excluded_lines": [], "start_line": 1}}, "classes": {"PIIEntity": {"executed_lines": [], "summary": {"covered_lines": 0, "num_statements": 0, "percent_covered": 100.0, "percent_covered_display": "100", "missing_lines": 0, "excluded_lines": 0, "percent_statements_covered": 100.0, "percent_statements_covered_display": "100"}, "missing_lines": [], "excluded_lines": [], "start_line": 74}, "PIIResult": {"executed_lines": [], "summary": {"covered_lines": 0, "num_statements": 0, "percent_covered": 100.0, "percent_covered_display": "100", "missing_lines": 0, "excluded_lines": 0, "percent_statements_covered": 100.0, "percent_statements_covered_display": "100"}, "missing_lines": [], "excluded_lines": [], "start_line": 93}, "": {"executed_lines": [11, 12, 14, 16, 18, 19, 22, 59, 73, 74, 85, 86, 87, 88, 89, 92, 93, 102, 103, 104, 107, 154], "summary": {"covered_lines": 22, "num_statements": 62, "percent_covered": 35.483870967741936, "percent_covered_display": "35", "missing_lines": 40, "excluded_lines": 0, "percent_statements_covered": 35.483870967741936, "percent_statements_covered_display": "35"}, "missing_lines": [29, 30, 32, 33, 34, 36, 37, 41, 42, 43, 44, 48, 50, 51, 52, 53, 54, 56, 62, 63, 64, 65, 67, 68, 69, 70, 116, 117, 118, 120, 121, 132, 133, 134, 135, 137, 149, 151, 165, 166], "excluded_lines": [], "start_line": 1}}}, "neuralops\\engine\\guardrails\\toxicity_scorer.py": {"executed_lines": [8, 9, 11, 12, 14, 16, 17, 18, 21, 52, 53, 63, 64, 65, 66, 69, 106], "summary": {"covered_lines": 17, "num_statements": 47, "percent_covered": 36.170212765957444, "percent_covered_display": "36", "missing_lines": 30, "excluded_lines": 0, "percent_statements_covered": 36.170212765957444, "percent_statements_covered_display": "36"}, "missing_lines": [24, 25, 27, 28, 29, 31, 32, 33, 34, 36, 37, 44, 45, 46, 47, 49, 78, 79, 80, 83, 84, 86, 87, 91, 92, 94, 96, 98, 117, 118], "excluded_lines": [], "functions": {"_get_pipeline": {"executed_lines": [], "summary": {"covered_lines": 0, "num_statements": 16, "percent_covered": 0.0, "percent_covered_display": "0", "missing_lines": 16, "excluded_lines": 0, "percent_statements_covered": 0.0, "percent_statements_covered_display": "0"}, "missing_lines": [24, 25, 27, 28, 29, 31, 32, 33, 34, 36, 37, 44, 45, 46, 47, 49], "excluded_lines": [], "start_line": 21}, "_score_sync": {"executed_lines": [], "summary": {"covered_lines": 0, "num_statements": 12, "percent_covered": 0.0, "percent_covered_display": "0", "missing_lines": 12, "excluded_lines": 0, "percent_statements_covered": 0.0, "percent_statements_covered_display": "0"}, "missing_lines": [78, 79, 80, 83, 84, 86, 87, 91, 92, 94, 96, 98], "excluded_lines": [], "start_line": 69}, "score_toxicity": {"executed_lines": [], "summary": {"covered_lines": 0, "num_statements": 2, "percent_covered": 0.0, "percent_covered_display": "0", "missing_lines": 2, "excluded_lines": 0, "percent_statements_covered": 0.0, "percent_statements_covered_display": "0"}, "missing_lines": [117, 118], "excluded_lines": [], "start_line": 106}, "": {"executed_lines": [8, 9, 11, 12, 14, 16, 17, 18, 21, 52, 53, 63, 64, 65, 66, 69, 106], "summary": {"covered_lines": 17, "num_statements": 17, "percent_covered": 100.0, "percent_covered_display": "100", "missing_lines": 0, "excluded_lines": 0, "percent_statements_covered": 100.0, "percent_statements_covered_display": "100"}, "missing_lines": [], "excluded_lines": [], "start_line": 1}}, "classes": {"ToxicityResult": {"executed_lines": [], "summary": {"covered_lines": 0, "num_statements": 0, "percent_covered": 100.0, "percent_covered_display": "100", "missing_lines": 0, "excluded_lines": 0, "percent_statements_covered": 100.0, "percent_statements_covered_display": "100"}, "missing_lines": [], "excluded_lines": [], "start_line": 53}, "": {"executed_lines": [8, 9, 11, 12, 14, 16, 17, 18, 21, 52, 53, 63, 64, 65, 66, 69, 106], "summary": {"covered_lines": 17, "num_statements": 47, "percent_covered": 36.170212765957444, "percent_covered_display": "36", "missing_lines": 30, "excluded_lines": 0, "percent_statements_covered": 36.170212765957444, "percent_statements_covered_display": "36"}, "missing_lines": [24, 25, 27, 28, 29, 31, 32, 33, 34, 36, 37, 44, 45, 46, 47, 49, 78, 79, 80, 83, 84, 86, 87, 91, 92, 94, 96, 98, 117, 118], "excluded_lines": [], "start_line": 1}}}, "neuralops\\engine\\judge.py": {"executed_lines": [8, 9, 11, 12, 13, 14, 16, 18, 38, 49, 57, 58, 73, 74, 75, 76, 77, 78, 79, 80, 81, 84, 98, 100, 101, 102, 103, 106, 107, 108, 109, 111, 112, 114, 121, 134, 143, 144, 145, 146, 148, 167, 168, 174, 175, 184, 185, 186, 187, 201, 219, 221, 225], "summary": {"covered_lines": 53, "num_statements": 55, "percent_covered": 96.36363636363636, "percent_covered_display": "96", "missing_lines": 2, "excluded_lines": 0, "percent_statements_covered": 96.36363636363636, "percent_statements_covered_display": "96"}, "missing_lines": [198, 199], "excluded_lines": [], "functions": {"_parse_judge_response": {"executed_lines": [98, 100, 101, 102, 103, 106, 107, 108, 109, 111, 112, 114, 121], "summary": {"covered_lines": 13, "num_statements": 13, "percent_covered": 100.0, "percent_covered_display": "100", "missing_lines": 0, "excluded_lines": 0, "percent_statements_covered": 100.0, "percent_statements_covered_display": "100"}, "missing_lines": [], "excluded_lines": [], "start_line": 84}, "LLMJudge.__init__": {"executed_lines": [144, 145, 146], "summary": {"covered_lines": 3, "num_statements": 3, "percent_covered": 100.0, "percent_covered_display": "100", "missing_lines": 0, "excluded_lines": 0, "percent_statements_covered": 100.0, "percent_statements_covered_display": "100"}, "missing_lines": [], "excluded_lines": [], "start_line": 143}, "LLMJudge.score": {"executed_lines": [167, 168, 174, 175, 184, 185, 186, 187], "summary": {"covered_lines": 8, "num_statements": 10, "percent_covered": 80.0, "percent_covered_display": "80", "missing_lines": 2, "excluded_lines": 0, "percent_statements_covered": 80.0, "percent_statements_covered_display": "80"}, "missing_lines": [198, 199], "excluded_lines": [], "start_line": 148}, "LLMJudge.score_pair": {"executed_lines": [219, 221, 225], "summary": {"covered_lines": 3, "num_statements": 3, "percent_covered": 100.0, "percent_covered_display": "100", "missing_lines": 0, "excluded_lines": 0, "percent_statements_covered": 100.0, "percent_statements_covered_display": "100"}, "missing_lines": [], "excluded_lines": [], "start_line": 201}, "": {"executed_lines": [8, 9, 11, 12, 13, 14, 16, 18, 38, 49, 57, 58, 73, 74, 75, 76, 77, 78, 79, 80, 81, 84, 134, 143, 148, 201], "summary": {"covered_lines": 26, "num_statements": 26, "percent_covered": 100.0, "percent_covered_display": "100", "missing_lines": 0, "excluded_lines": 0, "percent_statements_covered": 100.0, "percent_statements_covered_display": "100"}, "missing_lines": [], "excluded_lines": [], "start_line": 1}}, "classes": {"JudgeScore": {"executed_lines": [], "summary": {"covered_lines": 0, "num_statements": 0, "percent_covered": 100.0, "percent_covered_display": "100", "missing_lines": 0, "excluded_lines": 0, "percent_statements_covered": 100.0, "percent_statements_covered_display": "100"}, "missing_lines": [], "excluded_lines": [], "start_line": 58}, "LLMJudge": {"executed_lines": [144, 145, 146, 167, 168, 174, 175, 184, 185, 186, 187, 219, 221, 225], "summary": {"covered_lines": 14, "num_statements": 16, "percent_covered": 87.5, "percent_covered_display": "88", "missing_lines": 2, "excluded_lines": 0, "percent_statements_covered": 87.5, "percent_statements_covered_display": "88"}, "missing_lines": [198, 199], "excluded_lines": [], "start_line": 134}, "": {"executed_lines": [8, 9, 11, 12, 13, 14, 16, 18, 38, 49, 57, 58, 73, 74, 75, 76, 77, 78, 79, 80, 81, 84, 98, 100, 101, 102, 103, 106, 107, 108, 109, 111, 112, 114, 121, 134, 143, 148, 201], "summary": {"covered_lines": 39, "num_statements": 39, "percent_covered": 100.0, "percent_covered_display": "100", "missing_lines": 0, "excluded_lines": 0, "percent_statements_covered": 100.0, "percent_statements_covered_display": "100"}, "missing_lines": [], "excluded_lines": [], "start_line": 1}}}, "neuralops\\migrations\\__init__.py": {"executed_lines": [], "summary": {"covered_lines": 0, "num_statements": 0, "percent_covered": 100.0, "percent_covered_display": "100", "missing_lines": 0, "excluded_lines": 0, "percent_statements_covered": 100.0, "percent_statements_covered_display": "100"}, "missing_lines": [], "excluded_lines": [], "functions": {"": {"executed_lines": [], "summary": {"covered_lines": 0, "num_statements": 0, "percent_covered": 100.0, "percent_covered_display": "100", "missing_lines": 0, "excluded_lines": 0, "percent_statements_covered": 100.0, "percent_statements_covered_display": "100"}, "missing_lines": [], "excluded_lines": [], "start_line": 1}}, "classes": {"": {"executed_lines": [], "summary": {"covered_lines": 0, "num_statements": 0, "percent_covered": 100.0, "percent_covered_display": "100", "missing_lines": 0, "excluded_lines": 0, "percent_statements_covered": 100.0, "percent_statements_covered_display": "100"}, "missing_lines": [], "excluded_lines": [], "start_line": 1}}}, "neuralops\\models\\__init__.py": {"executed_lines": [3, 4, 5, 6, 8], "summary": {"covered_lines": 5, "num_statements": 5, "percent_covered": 100.0, "percent_covered_display": "100", "missing_lines": 0, "excluded_lines": 0, "percent_statements_covered": 100.0, "percent_statements_covered_display": "100"}, "missing_lines": [], "excluded_lines": [], "functions": {"": {"executed_lines": [3, 4, 5, 6, 8], "summary": {"covered_lines": 5, "num_statements": 5, "percent_covered": 100.0, "percent_covered_display": "100", "missing_lines": 0, "excluded_lines": 0, "percent_statements_covered": 100.0, "percent_statements_covered_display": "100"}, "missing_lines": [], "excluded_lines": [], "start_line": 1}}, "classes": {"": {"executed_lines": [3, 4, 5, 6, 8], "summary": {"covered_lines": 5, "num_statements": 5, "percent_covered": 100.0, "percent_covered_display": "100", "missing_lines": 0, "excluded_lines": 0, "percent_statements_covered": 100.0, "percent_statements_covered_display": "100"}, "missing_lines": [], "excluded_lines": [], "start_line": 1}}}, "neuralops\\models\\drift_log.py": {"executed_lines": [7, 8, 10, 11, 12, 14, 17, 40, 42, 45, 46, 47, 48, 49, 50, 51, 52, 53, 54, 55, 56, 57, 58, 59, 60], "summary": {"covered_lines": 25, "num_statements": 25, "percent_covered": 100.0, "percent_covered_display": "100", "missing_lines": 0, "excluded_lines": 0, "percent_statements_covered": 100.0, "percent_statements_covered_display": "100"}, "missing_lines": [], "excluded_lines": [], "functions": {"": {"executed_lines": [7, 8, 10, 11, 12, 14, 17, 40, 42, 45, 46, 47, 48, 49, 50, 51, 52, 53, 54, 55, 56, 57, 58, 59, 60], "summary": {"covered_lines": 25, "num_statements": 25, "percent_covered": 100.0, "percent_covered_display": "100", "missing_lines": 0, "excluded_lines": 0, "percent_statements_covered": 100.0, "percent_statements_covered_display": "100"}, "missing_lines": [], "excluded_lines": [], "start_line": 1}}, "classes": {"DriftLog": {"executed_lines": [], "summary": {"covered_lines": 0, "num_statements": 0, "percent_covered": 100.0, "percent_covered_display": "100", "missing_lines": 0, "excluded_lines": 0, "percent_statements_covered": 100.0, "percent_statements_covered_display": "100"}, "missing_lines": [], "excluded_lines": [], "start_line": 17}, "": {"executed_lines": [7, 8, 10, 11, 12, 14, 17, 40, 42, 45, 46, 47, 48, 49, 50, 51, 52, 53, 54, 55, 56, 57, 58, 59, 60], "summary": {"covered_lines": 25, "num_statements": 25, "percent_covered": 100.0, "percent_covered_display": "100", "missing_lines": 0, "excluded_lines": 0, "percent_statements_covered": 100.0, "percent_statements_covered_display": "100"}, "missing_lines": [], "excluded_lines": [], "start_line": 1}}}, "neuralops\\models\\experiment.py": {"executed_lines": [8, 9, 11, 12, 13, 15, 18, 38, 40, 43, 44, 47, 48, 49, 50, 51, 52, 53, 54, 55, 56, 58, 63, 81, 83, 86, 92, 93, 94, 95, 96, 97, 98, 99, 100, 102], "summary": {"covered_lines": 36, "num_statements": 36, "percent_covered": 100.0, "percent_covered_display": "100", "missing_lines": 0, "excluded_lines": 0, "percent_statements_covered": 100.0, "percent_statements_covered_display": "100"}, "missing_lines": [], "excluded_lines": [], "functions": {"": {"executed_lines": [8, 9, 11, 12, 13, 15, 18, 38, 40, 43, 44, 47, 48, 49, 50, 51, 52, 53, 54, 55, 56, 58, 63, 81, 83, 86, 92, 93, 94, 95, 96, 97, 98, 99, 100, 102], "summary": {"covered_lines": 36, "num_statements": 36, "percent_covered": 100.0, "percent_covered_display": "100", "missing_lines": 0, "excluded_lines": 0, "percent_statements_covered": 100.0, "percent_statements_covered_display": "100"}, "missing_lines": [], "excluded_lines": [], "start_line": 1}}, "classes": {"Experiment": {"executed_lines": [], "summary": {"covered_lines": 0, "num_statements": 0, "percent_covered": 100.0, "percent_covered_display": "100", "missing_lines": 0, "excluded_lines": 0, "percent_statements_covered": 100.0, "percent_statements_covered_display": "100"}, "missing_lines": [], "excluded_lines": [], "start_line": 18}, "ExperimentTrial": {"executed_lines": [], "summary": {"covered_lines": 0, "num_statements": 0, "percent_covered": 100.0, "percent_covered_display": "100", "missing_lines": 0, "excluded_lines": 0, "percent_statements_covered": 100.0, "percent_statements_covered_display": "100"}, "missing_lines": [], "excluded_lines": [], "start_line": 63}, "": {"executed_lines": [8, 9, 11, 12, 13, 15, 18, 38, 40, 43, 44, 47, 48, 49, 50, 51, 52, 53, 54, 55, 56, 58, 63, 81, 83, 86, 92, 93, 94, 95, 96, 97, 98, 99, 100, 102], "summary": {"covered_lines": 36, "num_statements": 36, "percent_covered": 100.0, "percent_covered_display": "100", "missing_lines": 0, "excluded_lines": 0, "percent_statements_covered": 100.0, "percent_statements_covered_display": "100"}, "missing_lines": [], "excluded_lines": [], "start_line": 1}}}, "neuralops\\models\\model_registry.py": {"executed_lines": [7, 8, 10, 11, 12, 14, 17, 37, 39, 42, 43, 44, 45, 46, 47, 48, 49, 50, 51, 52, 53, 54], "summary": {"covered_lines": 22, "num_statements": 22, "percent_covered": 100.0, "percent_covered_display": "100", "missing_lines": 0, "excluded_lines": 0, "percent_statements_covered": 100.0, "percent_statements_covered_display": "100"}, "missing_lines": [], "excluded_lines": [], "functions": {"": {"executed_lines": [7, 8, 10, 11, 12, 14, 17, 37, 39, 42, 43, 44, 45, 46, 47, 48, 49, 50, 51, 52, 53, 54], "summary": {"covered_lines": 22, "num_statements": 22, "percent_covered": 100.0, "percent_covered_display": "100", "missing_lines": 0, "excluded_lines": 0, "percent_statements_covered": 100.0, "percent_statements_covered_display": "100"}, "missing_lines": [], "excluded_lines": [], "start_line": 1}}, "classes": {"RegisteredModel": {"executed_lines": [], "summary": {"covered_lines": 0, "num_statements": 0, "percent_covered": 100.0, "percent_covered_display": "100", "missing_lines": 0, "excluded_lines": 0, "percent_statements_covered": 100.0, "percent_statements_covered_display": "100"}, "missing_lines": [], "excluded_lines": [], "start_line": 17}, "": {"executed_lines": [7, 8, 10, 11, 12, 14, 17, 37, 39, 42, 43, 44, 45, 46, 47, 48, 49, 50, 51, 52, 53, 54], "summary": {"covered_lines": 22, "num_statements": 22, "percent_covered": 100.0, "percent_covered_display": "100", "missing_lines": 0, "excluded_lines": 0, "percent_statements_covered": 100.0, "percent_statements_covered_display": "100"}, "missing_lines": [], "excluded_lines": [], "start_line": 1}}}, "neuralops\\models\\prompt.py": {"executed_lines": [8, 9, 11, 12, 13, 15, 18, 30, 32, 35, 36, 37, 38, 42, 47, 63, 65, 68, 71, 72, 73, 74, 75, 76, 77, 79], "summary": {"covered_lines": 26, "num_statements": 26, "percent_covered": 100.0, "percent_covered_display": "100", "missing_lines": 0, "excluded_lines": 0, "percent_statements_covered": 100.0, "percent_statements_covered_display": "100"}, "missing_lines": [], "excluded_lines": [], "functions": {"": {"executed_lines": [8, 9, 11, 12, 13, 15, 18, 30, 32, 35, 36, 37, 38, 42, 47, 63, 65, 68, 71, 72, 73, 74, 75, 76, 77, 79], "summary": {"covered_lines": 26, "num_statements": 26, "percent_covered": 100.0, "percent_covered_display": "100", "missing_lines": 0, "excluded_lines": 0, "percent_statements_covered": 100.0, "percent_statements_covered_display": "100"}, "missing_lines": [], "excluded_lines": [], "start_line": 1}}, "classes": {"Prompt": {"executed_lines": [], "summary": {"covered_lines": 0, "num_statements": 0, "percent_covered": 100.0, "percent_covered_display": "100", "missing_lines": 0, "excluded_lines": 0, "percent_statements_covered": 100.0, "percent_statements_covered_display": "100"}, "missing_lines": [], "excluded_lines": [], "start_line": 18}, "PromptVersion": {"executed_lines": [], "summary": {"covered_lines": 0, "num_statements": 0, "percent_covered": 100.0, "percent_covered_display": "100", "missing_lines": 0, "excluded_lines": 0, "percent_statements_covered": 100.0, "percent_statements_covered_display": "100"}, "missing_lines": [], "excluded_lines": [], "start_line": 47}, "": {"executed_lines": [8, 9, 11, 12, 13, 15, 18, 30, 32, 35, 36, 37, 38, 42, 47, 63, 65, 68, 71, 72, 73, 74, 75, 76, 77, 79], "summary": {"covered_lines": 26, "num_statements": 26, "percent_covered": 100.0, "percent_covered_display": "100", "missing_lines": 0, "excluded_lines": 0, "percent_statements_covered": 100.0, "percent_statements_covered_display": "100"}, "missing_lines": [], "excluded_lines": [], "start_line": 1}}}, "neuralops\\schemas\\__init__.py": {"executed_lines": [], "summary": {"covered_lines": 0, "num_statements": 0, "percent_covered": 100.0, "percent_covered_display": "100", "missing_lines": 0, "excluded_lines": 0, "percent_statements_covered": 100.0, "percent_statements_covered_display": "100"}, "missing_lines": [], "excluded_lines": [], "functions": {"": {"executed_lines": [], "summary": {"covered_lines": 0, "num_statements": 0, "percent_covered": 100.0, "percent_covered_display": "100", "missing_lines": 0, "excluded_lines": 0, "percent_statements_covered": 100.0, "percent_statements_covered_display": "100"}, "missing_lines": [], "excluded_lines": [], "start_line": 1}}, "classes": {"": {"executed_lines": [], "summary": {"covered_lines": 0, "num_statements": 0, "percent_covered": 100.0, "percent_covered_display": "100", "missing_lines": 0, "excluded_lines": 0, "percent_statements_covered": 100.0, "percent_statements_covered_display": "100"}, "missing_lines": [], "excluded
[...]
cent_covered": 100.0, "percent_covered_display": "100", "missing_lines": 0, "excluded_lines": 0, "percent_statements_covered": 100.0, "percent_statements_covered_display": "100"}, "missing_lines": [], "excluded_lines": [], "start_line": 40}, "run_guardrails": {"executed_lines": [79, 82, 83, 84, 85, 91, 92, 94, 95, 96, 97, 100, 101, 102, 103, 104, 105, 106, 110, 111, 112, 113, 114, 115, 118, 120, 121, 129], "summary": {"covered_lines": 28, "num_statements": 34, "percent_covered": 82.3529411764706, "percent_covered_display": "82", "missing_lines": 6, "excluded_lines": 0, "percent_statements_covered": 82.3529411764706, "percent_statements_covered_display": "82"}, "missing_lines": [86, 87, 88, 98, 107, 116], "excluded_lines": [], "start_line": 55}, "_safe_toxicity": {"executed_lines": [141, 142], "summary": {"covered_lines": 2, "num_statements": 6, "percent_covered": 33.333333333333336, "percent_covered_display": "33", "missing_lines": 4, "excluded_lines": 0, "percent_statements_covered": 33.333333333333336, "percent_statements_covered_display": "33"}, "missing_lines": [143, 144, 145, 146], "excluded_lines": [], "start_line": 139}, "_safe_off_topic": {"executed_lines": [], "summary": {"covered_lines": 0, "num_statements": 6, "percent_covered": 0.0, "percent_covered_display": "0", "missing_lines": 6, "excluded_lines": 0, "percent_statements_covered": 0.0, "percent_statements_covered_display": "0"}, "missing_lines": [156, 157, 158, 159, 160, 161], "excluded_lines": [], "start_line": 149}, "": {"executed_lines": [7, 8, 10, 11, 12, 13, 14, 15, 17, 20, 21, 33, 34, 35, 36, 37, 38, 40, 55, 139, 149], "summary": {"covered_lines": 21, "num_statements": 21, "percent_covered": 100.0, "percent_covered_display": "100", "missing_lines": 0, "excluded_lines": 0, "percent_statements_covered": 100.0, "percent_statements_covered_display": "100"}, "missing_lines": [], "excluded_lines": [], "start_line": 1}}, "classes": {"GuardrailResult": {"executed_lines": [42], "summary": {"covered_lines": 1, "num_statements": 1, "percent_covered": 100.0, "percent_covered_display": "100", "missing_lines": 0, "excluded_lines": 0, "percent_statements_covered": 100.0, "percent_statements_covered_display": "100"}, "missing_lines": [], "excluded_lines": [], "start_line": 21}, "": {"executed_lines": [7, 8, 10, 11, 12, 13, 14, 15, 17, 20, 21, 33, 34, 35, 36, 37, 38, 40, 55, 79, 82, 83, 84, 85, 91, 92, 94, 95, 96, 97, 100, 101, 102, 103, 104, 105, 106, 110, 111, 112, 113, 114, 115, 118, 120, 121, 129, 139, 141, 142, 149], "summary": {"covered_lines": 51, "num_statements": 67, "percent_covered": 76.11940298507463, "percent_covered_display": "76", "missing_lines": 16, "excluded_lines": 0, "percent_statements_covered": 76.11940298507463, "percent_statements_covered_display": "76"}, "missing_lines": [86, 87, 88, 98, 107, 116, 143, 144, 145, 146, 156, 157, 158, 159, 160, 161], "excluded_lines": [], "start_line": 1}}}, "neuralops\\services\\llm_client.py": {"executed_lines": [10, 11, 12, 14, 15, 16, 17, 18, 20, 21, 27, 29, 32, 43, 52, 55, 56, 57, 60, 61, 75, 76, 77, 78, 79, 80, 81, 82, 85, 102, 116, 117, 122, 123, 124, 127, 135, 136, 141, 142, 144, 152, 158, 189, 190, 191, 201, 239, 248, 249, 250, 251, 252, 254, 260, 261, 263, 264, 265, 273, 274, 275, 276, 277, 279, 290, 340, 389], "summary": {"covered_lines": 68, "num_statements": 143, "percent_covered": 47.55244755244755, "percent_covered_display": "48", "missing_lines": 75, "excluded_lines": 0, "percent_statements_covered": 47.55244755244755, "percent_statements_covered_display": "48"}, "missing_lines": [95, 96, 97, 98, 99, 118, 119, 121, 146, 147, 149, 150, 194, 195, 198, 199, 222, 223, 224, 225, 231, 232, 233, 234, 266, 267, 268, 269, 270, 271, 298, 300, 301, 302, 303, 304, 306, 307, 308, 309, 315, 316, 317, 318, 319, 320, 321, 323, 324, 325, 326, 327, 329, 348, 349, 350, 351, 352, 354, 361, 362, 363, 366, 367, 368, 369, 370, 372, 373, 374, 375, 376, 378, 391, 392], "excluded_lines": [], "functions": {"_count_tokens": {"executed_lines": [], "summary": {"covered_lines": 0, "num_statements": 5, "percent_covered": 0.0, "percent_covered_display": "0", "missing_lines": 5, "excluded_lines": 0, "percent_statements_covered": 0.0, "percent_statements_covered_display": "0"}, "missing_lines": [95, 96, 97, 98, 99], "excluded_lines": [], "start_line": 85}, "_calculate_cost": {"executed_lines": [116, 117, 122, 123, 124], "summary": {"covered_lines": 5, "num_statements": 8, "percent_covered": 62.5, "percent_covered_display": "62", "missing_lines": 3, "excluded_lines": 0, "percent_statements_covered": 62.5, "percent_statements_covered_display": "62"}, "missing_lines": [118, 119, 121], "excluded_lines": [], "start_line": 102}, "LLMClient.__init__": {"executed_lines": [136, 141, 142], "summary": {"covered_lines": 3, "num_statements": 3, "percent_covered": 100.0, "percent_covered_display": "100", "missing_lines": 0, "excluded_lines": 0, "percent_statements_covered": 100.0, "percent_statements_covered_display": "100"}, "missing_lines": [], "excluded_lines": [], "start_line": 135}, "LLMClient._get_mistral_client": {"executed_lines": [], "summary": {"covered_lines": 0, "num_statements": 4, "percent_covered": 0.0, "percent_covered_display": "0", "missing_lines": 4, "excluded_lines": 0, "percent_statements_covered": 0.0, "percent_statements_covered_display": "0"}, "missing_lines": [146, 147, 149, 150], "excluded_lines": [], "start_line": 144}, "LLMClient.complete": {"executed_lines": [189, 190, 191], "summary": {"covered_lines": 3, "num_statements": 7, "percent_covered": 42.857142857142854, "percent_covered_display": "43", "missing_lines": 4, "excluded_lines": 0, "percent_statements_covered": 42.857142857142854, "percent_statements_covered_display": "43"}, "missing_lines": [194, 195, 198, 199], "excluded_lines": [], "start_line": 158}, "LLMClient.complete_with_fallback": {"executed_lines": [], "summary": {"covered_lines": 0, "num_statements": 8, "percent_covered": 0.0, "percent_covered_display": "0", "missing_lines": 8, "excluded_lines": 0, "percent_statements_covered": 0.0, "percent_statements_covered_display": "0"}, "missing_lines": [222, 223, 224, 225, 231, 232, 233, 234], "excluded_lines": [], "start_line": 201}, "LLMClient._complete_groq": {"executed_lines": [248, 249, 250, 251, 252, 254, 260, 261, 263, 264, 265, 273, 274, 275, 276, 277, 279], "summary": {"covered_lines": 17, "num_statements": 23, "percent_covered": 73.91304347826087, "percent_covered_display": "74", "missing_lines": 6, "excluded_lines": 0, "percent_statements_covered": 73.91304347826087, "percent_statements_covered_display": "74"}, "missing_lines": [266, 267, 268, 269, 270, 271], "excluded_lines": [], "start_line": 239}, "LLMClient._complete_mistral": {"executed_lines": [], "summary": {"covered_lines": 0, "num_statements": 23, "percent_covered": 0.0, "percent_covered_display": "0", "missing_lines": 23, "excluded_lines": 0, "percent_statements_covered": 0.0, "percent_statements_covered_display": "0"}, "missing_lines": [298, 300, 301, 302, 303, 304, 306, 307, 308, 309, 315, 316, 317, 318, 319, 320, 321, 323, 324, 325, 326, 327, 329], "excluded_lines": [], "start_line": 290}, "LLMClient._complete_ollama": {"executed_lines": [], "summary": {"covered_lines": 0, "num_statements": 20, "percent_covered": 0.0, "percent_covered_display": "0", "missing_lines": 20, "excluded_lines": 0, "percent_statements_covered": 0.0, "percent_statements_covered_display": "0"}, "missing_lines": [348, 349, 350, 351, 352, 354, 361, 362, 363, 366, 367, 368, 369, 370, 372, 373, 374, 375, 376, 378], "excluded_lines": [], "start_line": 340}, "LLMClient.close": {"executed_lines": [], "summary": {"covered_lines": 0, "num_statements": 2, "percent_covered": 0.0, "percent_covered_display": "0", "missing_lines": 2, "excluded_lines": 0, "percent_statements_covered": 0.0, "percent_statements_covered_display": "0"}, "missing_lines": [391, 392], "excluded_lines": [], "start_line": 389}, "": {"executed_lines": [10, 11, 12, 14, 15, 16, 17, 18, 20, 21, 27, 29, 32, 43, 52, 55, 56, 57, 60, 61, 75, 76, 77, 78, 79, 80, 81, 82, 85, 102, 127, 135, 144, 152, 158, 201, 239, 290, 340, 389], "summary": {"covered_lines": 40, "num_statements": 40, "percent_covered": 100.0, "percent_covered_display": "100", "missing_lines": 0, "excluded_lines": 0, "percent_statements_covered": 100.0, "percent_statements_covered_display": "100"}, "missing_lines": [], "excluded_lines": [], "start_line": 1}}, "classes": {"LLMBackend": {"executed_lines": [], "summary": {"covered_lines": 0, "num_statements": 0, "percent_covered": 100.0, "percent_covered_display": "100", "missing_lines": 0, "excluded_lines": 0, "percent_statements_covered": 100.0, "percent_statements_covered_display": "100"}, "missing_lines": [], "excluded_lines": [], "start_line": 52}, "LLMResponse": {"executed_lines": [], "summary": {"covered_lines": 0, "num_statements": 0, "percent_covered": 100.0, "percent_covered_display": "100", "missing_lines": 0, "excluded_lines": 0, "percent_statements_covered": 100.0, "percent_statements_covered_display": "100"}, "missing_lines": [], "excluded_lines": [], "start_line": 61}, "LLMClient": {"executed_lines": [136, 141, 142, 189, 190, 191, 248, 249, 250, 251, 252, 254, 260, 261, 263, 264, 265, 273, 274, 275, 276, 277, 279], "summary": {"covered_lines": 23, "num_statements": 90, "percent_covered": 25.555555555555557, "percent_covered_display": "26", "missing_lines": 67, "excluded_lines": 0, "percent_statements_covered": 25.555555555555557, "percent_statements_covered_display": "26"}, "missing_lines": [146, 147, 149, 150, 194, 195, 198, 199, 222, 223, 224, 225, 231, 232, 233, 234, 266, 267, 268, 269, 270, 271, 298, 300, 301, 302, 303, 304, 306, 307, 308, 309, 315, 316, 317, 318, 319, 320, 321, 323, 324, 325, 326, 327, 329, 348, 349, 350, 351, 352, 354, 361, 362, 363, 366, 367, 368, 369, 370, 372, 373, 374, 375, 376, 378, 391, 392], "excluded_lines": [], "start_line": 127}, "": {"executed_lines": [10, 11, 12, 14, 15, 16, 17, 18, 20, 21, 27, 29, 32, 43, 52, 55, 56, 57, 60, 61, 75, 76, 77, 78, 79, 80, 81, 82, 85, 102, 116, 117, 122, 123, 124, 127, 135, 144, 152, 158, 201, 239, 290, 340, 389], "summary": {"covered_lines": 45, "num_statements": 53, "percent_covered": 84.90566037735849, "percent_covered_display": "85", "missing_lines": 8, "excluded_lines": 0, "percent_statements_covered": 84.90566037735849, "percent_statements_covered_display": "85"}, "missing_lines": [95, 96, 97, 98, 99, 118, 119, 121], "excluded_lines": [], "start_line": 1}}}, "neuralops\\services\\model_service.py": {"executed_lines": [6, 7, 9, 10, 12, 13, 14, 15, 21, 24, 69, 89, 112, 144, 163], "summary": {"covered_lines": 15, "num_statements": 62, "percent_covered": 24.193548387096776, "percent_covered_display": "24", "missing_lines": 47, "excluded_lines": 0, "percent_statements_covered": 24.193548387096776, "percent_statements_covered_display": "24"}, "missing_lines": [39, 45, 46, 50, 62, 63, 64, 65, 66, 82, 83, 84, 85, 86, 102, 103, 104, 105, 106, 107, 108, 109, 128, 129, 130, 131, 133, 134, 135, 136, 138, 139, 140, 141, 154, 155, 156, 157, 158, 159, 160, 173, 179, 180, 181, 182, 183], "excluded_lines": [], "functions": {"register_model": {"executed_lines": [], "summary": {"covered_lines": 0, "num_statements": 9, "percent_covered": 0.0, "percent_covered_display": "0", "missing_lines": 9, "excluded_lines": 0, "percent_statements_covered": 0.0, "percent_statements_covered_display": "0"}, "missing_lines": [39, 45, 46, 50, 62, 63, 64, 65, 66], "excluded_lines": [], "start_line": 24}, "get_model": {"executed_lines": [], "summary": {"covered_lines": 0, "num_statements": 5, "percent_covered": 0.0, "percent_covered_display": "0", "missing_lines": 5, "excluded_lines": 0, "percent_statements_covered": 0.0, "percent_statements_covered_display": "0"}, "missing_lines": [82, 83, 84, 85, 86], "excluded_lines": [], "start_line": 69}, "list_models": {"executed_lines": [], "summary": {"covered_lines": 0, "num_statements": 8, "percent_covered": 0.0, "percent_covered_display": "0", "missing_lines": 8, "excluded_lines": 0, "percent_statements_covered": 0.0, "percent_statements_covered_display": "0"}, "missing_lines": [102, 103, 104, 105, 106, 107, 108, 109], "excluded_lines": [], "start_line": 89}, "update_model": {"executed_lines": [], "summary": {"covered_lines": 0, "num_statements": 12, "percent_covered": 0.0, "percent_covered_display": "0", "missing_lines": 12, "excluded_lines": 0, "percent_statements_covered": 0.0, "percent_statements_covered_display": "0"}, "missing_lines": [128, 129, 130, 131, 133, 134, 135, 136, 138, 139, 140, 141], "excluded_lines": [], "start_line": 112}, "delete_model": {"executed_lines": [], "summary": {"covered_lines": 0, "num_statements": 7, "percent_covered": 0.0, "percent_covered_display": "0", "missing_lines": 7, "excluded_lines": 0, "percent_statements_covered": 0.0, "percent_statements_covered_display": "0"}, "missing_lines": [154, 155, 156, 157, 158, 159, 160], "excluded_lines": [], "start_line": 144}, "get_best_model": {"executed_lines": [], "summary": {"covered_lines": 0, "num_statements": 6, "percent_covered": 0.0, "percent_covered_display": "0", "missing_lines": 6, "excluded_lines": 0, "percent_statements_covered": 0.0, "percent_statements_covered_display": "0"}, "missing_lines": [173, 179, 180, 181, 182, 183], "excluded_lines": [], "start_line": 163}, "": {"executed_lines": [6, 7, 9, 10, 12, 13, 14, 15, 21, 24, 69, 89, 112, 144, 163], "summary": {"covered_lines": 15, "num_statements": 15, "percent_covered": 100.0, "percent_covered_display": "100", "missing_lines": 0, "excluded_lines": 0, "percent_statements_covered": 100.0, "percent_statements_covered_display": "100"}, "missing_lines": [], "excluded_lines": [], "start_line": 1}}, "classes": {"": {"executed_lines": [6, 7, 9, 10, 12, 13, 14, 15, 21, 24, 69, 89, 112, 144, 163], "summary": {"covered_lines": 15, "num_statements": 62, "percent_covered": 24.193548387096776, "percent_covered_display": "24", "missing_lines": 47, "excluded_lines": 0, "percent_statements_covered": 24.193548387096776, "percent_statements_covered_display": "24"}, "missing_lines": [39, 45, 46, 50, 62, 63, 64, 65, 66, 82, 83, 84, 85, 86, 102, 103, 104, 105, 106, 107, 108, 109, 128, 129, 130, 131, 133, 134, 135, 136, 138, 139, 140, 141, 154, 155, 156, 157, 158, 159, 160, 173, 179, 180, 181, 182, 183], "excluded_lines": [], "start_line": 1}}}, "neuralops\\services\\prompt_service.py": {"executed_lines": [8, 9, 10, 11, 13, 14, 15, 17, 23, 24, 25, 35, 37, 40, 50, 55, 56, 57, 58, 59, 62, 75, 80, 81, 82, 86, 97, 98, 99, 102, 120, 123, 124, 125, 126, 128, 134, 135, 139, 149, 151, 152, 153, 154, 155, 158, 184, 200, 206, 207, 208, 211, 214, 231, 237, 238, 239, 242, 248, 249, 252, 253, 254, 255, 256, 259, 276, 277, 279, 280, 282, 285, 286, 287, 289, 299, 317, 318, 319], "summary": {"covered_lines": 79, "num_statements": 88, "percent_covered": 89.77272727272727, "percent_covered_display": "90", "missing_lines": 9, "excluded_lines": 0, "percent_statements_covered": 89.77272727272727, "percent_statements_covered_display": "90"}, "missing_lines": [83, 121, 171, 172, 173, 175, 180, 181, 250], "excluded_lines": [], "functions": {"create_prompt": {"executed_lines": [50, 55, 56, 57, 58, 59], "summary": {"covered_lines": 6, "num_statements": 6, "percent_covered": 100.0, "percent_covered_display": "100", "missing_lines": 0, "excluded_lines": 0, "percent_statements_covered": 100.0, "percent_statements_covered_display": "100"}, "missing_lines": [], "excluded_lines": [], "start_line": 40}, "get_prompt": {"executed_lines": [75, 80, 81, 82], "summary": {"covered_lines": 4, "num_statements": 5, "percent_covered": 80.0, "percent_covered_display": "80", "missing_lines": 1, "excluded_lines": 0, "percent_statements_covered": 80.0, "percent_statements_covered_display": "80"}, "missing_lines": [83], "excluded_lines": [], "start_line": 62}, "list_prompts": {"executed_lines": [97, 98, 99], "summary": {"covered_lines": 3, "num_statements": 3, "percent_covered": 100.0, "percent_covered_display": "100", "missing_lines": 0, "excluded_lines": 0, "percent_statements_covered": 100.0, "percent_statements_covered_display": "100"}, "missing_lines": [], "excluded_lines": [], "start_line": 86}, "create_version": {"executed_lines": [120, 123, 124, 125, 126, 128, 134, 135, 139, 149, 151, 152, 153, 154, 155], "summary": {"covered_lines": 15, "num_statements": 16, "percent_covered": 93.75, "percent_covered_display": "94", "missing_lines": 1, "excluded_lines": 0, "percent_statements_covered": 93.75, "percent_statements_covered_display": "94"}, "missing_lines": [121], "excluded_lines": [], "start_line": 102}, "list_versions": {"executed_lines": [], "summary": {"covered_lines": 0, "num_statements": 6, "percent_covered": 0.0, "percent_covered_display": "0", "missing_lines": 6, "excluded_lines": 0, "percent_statements_covered": 0.0, "percent_statements_covered_display": "0"}, "missing_lines": [171, 172, 173, 175, 180, 181], "excluded_lines": [], "start_line": 158}, "get_version": {"executed_lines": [200, 206, 207, 208, 211], "summary": {"covered_lines": 5, "num_statements": 5, "percent_covered": 100.0, "percent_covered_display": "100", "missing_lines": 0, "excluded_lines": 0, "percent_statements_covered": 100.0, "percent_statements_covered_display": "100"}, "missing_lines": [], "excluded_lines": [], "start_line": 184}, "activate_version": {"executed_lines": [231, 237, 238, 239, 242, 248, 249, 252, 253, 254, 255, 256], "summary": {"covered_lines": 12, "num_statements": 13, "percent_covered": 92.3076923076923, "percent_covered_display": "92", "missing_lines": 1, "excluded_lines": 0, "percent_statements_covered": 92.3076923076923, "percent_statements_covered_display": "92"}, "missing_lines": [250], "excluded_lines": [], "start_line": 214}, "diff_versions": {"executed_lines": [276, 277, 279, 280, 282, 285, 286, 287, 289], "summary": {"covered_lines": 9, "num_statements": 9, "percent_covered": 100.0, "percent_covered_display": "100", "missing_lines": 0, "excluded_lines": 0, "percent_statements_covered": 100.0, "percent_statements_covered_display": "100"}, "missing_lines": [], "excluded_lines": [], "start_line": 259}, "rollback_version": {"executed_lines": [317, 318, 319], "summary": {"covered_lines": 3, "num_statements": 3, "percent_covered": 100.0, "percent_covered_display": "100", "missing_lines": 0, "excluded_lines": 0, "percent_statements_covered": 100.0, "percent_statements_covered_display": "100"}, "missing_lines": [], "excluded_lines": [], "start_line": 299}, "": {"executed_lines": [8, 9, 10, 11, 13, 14, 15, 17, 23, 24, 25, 35, 37, 40, 62, 86, 102, 158, 184, 214, 259, 299], "summary": {"covered_lines": 22, "num_statements": 22, "percent_covered": 100.0, "percent_covered_display": "100", "missing_lines": 0, "excluded_lines": 0, "percent_statements_covered": 100.0, "percent_statements_covered_display": "100"}, "missing_lines": [], "excluded_lines": [], "start_line": 1}}, "classes": {"": {"executed_lines": [8, 9, 10, 11, 13, 14, 15, 17, 23, 24, 25, 35, 37, 40, 50, 55, 56, 57, 58, 59, 62, 75, 80, 81, 82, 86, 97, 98, 99, 102, 120, 123, 124, 125, 126, 128, 134, 135, 139, 149, 151, 152, 153, 154, 155, 158, 184, 200, 206, 207, 208, 211, 214, 231, 237, 238, 239, 242, 248, 249, 252, 253, 254, 255, 256, 259, 276, 277, 279, 280, 282, 285, 286, 287, 289, 299, 317, 318, 319], "summary": {"covered_lines": 79, "num_statements": 88, "percent_covered": 89.77272727272727, "percent_covered_display": "90", "missing_lines": 9, "excluded_lines": 0, "percent_statements_covered": 89.77272727272727, "percent_statements_covered_display": "90"}, "missing_lines": [83, 121, 171, 172, 173, 175, 180, 181, 250], "excluded_lines": [], "start_line": 1}}}}, "totals": {"covered_lines": 1050, "num_statements": 1581, "percent_covered": 66.41366223908918, "percent_covered_display": "66", "missing_lines": 531, "excluded_lines": 0, "percent_statements_covered": 66.41366223908918, "percent_statements_covered_display": "66"}}